2019-05-20 09:28:14.716  INFO 5803 --- [main] c.b.fundoo.FundooBackendApplication      : Starting FundooBackendApplication on admin1-desktop with PID 5803 (/home/admin1/Desktop/Tasif/STSWorkspace/BridgeLabz/FundooBackend/target/classes started by admin1 in /home/admin1/Desktop/Tasif/STSWorkspace/BridgeLabz/FundooBackend)
2019-05-20 09:28:14.728  INFO 5803 --- [main] c.b.fundoo.FundooBackendApplication      : No active profile set, falling back to default profiles: default
2019-05-20 09:28:16.809  INFO 5803 --- [main] .s.d.r.c.RepositoryConfigurationDelegate : Bootstrapping Spring Data repositories in DEFAULT mode.
2019-05-20 09:28:16.926  INFO 5803 --- [main] .s.d.r.c.RepositoryConfigurationDelegate : Finished Spring Data repository scanning in 99ms. Found 3 repository interfaces.
2019-05-20 09:28:17.198  INFO 5803 --- [main] trationDelegate$BeanPostProcessorChecker : Bean 'org.springframework.amqp.rabbit.annotation.RabbitBootstrapConfiguration' of type [org.springframework.amqp.rabbit.annotation.RabbitBootstrapConfiguration$$EnhancerBySpringCGLIB$$49705d84] is not eligible for getting processed by all BeanPostProcessors (for example: not eligible for auto-proxying)
2019-05-20 09:28:17.270  INFO 5803 --- [main] trationDelegate$BeanPostProcessorChecker : Bean 'org.springframework.transaction.annotation.ProxyTransactionManagementConfiguration' of type [org.springframework.transaction.annotation.ProxyTransactionManagementConfiguration$$EnhancerBySpringCGLIB$$83049f56] is not eligible for getting processed by all BeanPostProcessors (for example: not eligible for auto-proxying)
2019-05-20 09:28:17.818  INFO 5803 --- [main] o.s.b.w.embedded.tomcat.TomcatWebServer  : Tomcat initialized with port(s): 8080 (http)
2019-05-20 09:28:17.846  INFO 5803 --- [main] o.apache.catalina.core.StandardService   : Starting service [Tomcat]
2019-05-20 09:28:17.847  INFO 5803 --- [main] org.apache.catalina.core.StandardEngine  : Starting Servlet engine: [Apache Tomcat/9.0.16]
2019-05-20 09:28:17.863  INFO 5803 --- [main] o.a.catalina.core.AprLifecycleListener   : The APR based Apache Tomcat Native library which allows optimal performance in production environments was not found on the java.library.path: [/usr/java/packages/lib:/usr/lib/x86_64-linux-gnu/jni:/lib/x86_64-linux-gnu:/usr/lib/x86_64-linux-gnu:/usr/lib/jni:/lib:/usr/lib]
2019-05-20 09:28:17.996  INFO 5803 --- [main] o.a.c.c.C.[Tomcat].[localhost].[/]       : Initializing Spring embedded WebApplicationContext
2019-05-20 09:28:17.996  INFO 5803 --- [main] o.s.web.context.ContextLoader            : Root WebApplicationContext: initialization completed in 3193 ms
2019-05-20 09:28:18.273  INFO 5803 --- [main] com.zaxxer.hikari.HikariDataSource       : HikariPool-1 - Starting...
2019-05-20 09:28:18.546  INFO 5803 --- [main] com.zaxxer.hikari.HikariDataSource       : HikariPool-1 - Start completed.
2019-05-20 09:28:18.668  INFO 5803 --- [main] o.hibernate.jpa.internal.util.LogHelper  : HHH000204: Processing PersistenceUnitInfo [
	name: default
	...]
2019-05-20 09:28:18.880  INFO 5803 --- [main] org.hibernate.Version                    : HHH000412: Hibernate Core {5.3.7.Final}
2019-05-20 09:28:18.887  INFO 5803 --- [main] org.hibernate.cfg.Environment            : HHH000206: hibernate.properties not found
2019-05-20 09:28:19.288  INFO 5803 --- [main] o.hibernate.annotations.common.Version   : HCANN000001: Hibernate Commons Annotations {5.0.4.Final}
2019-05-20 09:28:19.490  INFO 5803 --- [main] org.hibernate.dialect.Dialect            : HHH000400: Using dialect: org.hibernate.dialect.MySQL5Dialect
2019-05-20 09:28:20.986  INFO 5803 --- [main] j.LocalContainerEntityManagerFactoryBean : Initialized JPA EntityManagerFactory for persistence unit 'default'
2019-05-20 09:28:21.755  WARN 5803 --- [main] aWebConfiguration$JpaWebMvcConfiguration : spring.jpa.open-in-view is enabled by default. Therefore, database queries may be performed during view rendering. Explicitly configure spring.jpa.open-in-view to disable this warning
2019-05-20 09:28:21.881  INFO 5803 --- [main] pertySourcedRequestMappingHandlerMapping : Mapped URL path [/v2/api-docs] onto method [public org.springframework.http.ResponseEntity<springfox.documentation.spring.web.json.Json> springfox.documentation.swagger2.web.Swagger2Controller.getDocumentation(java.lang.String,javax.servlet.http.HttpServletRequest)]
2019-05-20 09:28:21.991  INFO 5803 --- [main] o.s.s.concurrent.ThreadPoolTaskExecutor  : Initializing ExecutorService 'applicationTaskExecutor'
2019-05-20 09:28:22.268  INFO 5803 --- [main] d.s.w.p.DocumentationPluginsBootstrapper : Context refreshed
2019-05-20 09:28:22.314  INFO 5803 --- [main] d.s.w.p.DocumentationPluginsBootstrapper : Found 1 custom documentation plugin(s)
2019-05-20 09:28:22.335  INFO 5803 --- [main] s.d.s.w.s.ApiListingReferenceScanner     : Scanning for api listing references
2019-05-20 09:28:22.514  INFO 5803 --- [main] o.s.a.r.c.CachingConnectionFactory       : Attempting to connect to: [localhost:5672]
2019-05-20 09:28:22.552  INFO 5803 --- [main] o.s.a.r.c.CachingConnectionFactory       : Created new connection: rabbitConnectionFactory#44df834c:0/SimpleConnection@536f389 [delegate=amqp://guest@127.0.0.1:5672/, localPort= 35046]
2019-05-20 09:28:22.652  INFO 5803 --- [main] o.s.b.w.embedded.tomcat.TomcatWebServer  : Tomcat started on port(s): 8080 (http) with context path ''
2019-05-20 09:28:22.654  INFO 5803 --- [main] c.b.fundoo.FundooBackendApplication      : Started FundooBackendApplication in 8.532 seconds (JVM running for 9.515)
2019-05-20 09:28:32.095  INFO 5803 --- [http-nio-8080-exec-3] o.a.c.c.C.[Tomcat].[localhost].[/]       : Initializing Spring DispatcherServlet 'dispatcherServlet'
2019-05-20 09:28:32.095  INFO 5803 --- [http-nio-8080-exec-3] o.s.web.servlet.DispatcherServlet        : Initializing Servlet 'dispatcherServlet'
2019-05-20 09:28:32.101  INFO 5803 --- [http-nio-8080-exec-3] o.s.web.servlet.DispatcherServlet        : Completed initialization in 6 ms
2019-05-20 09:28:32.483  INFO 5803 --- [http-nio-8080-exec-8] o.h.h.i.QueryTranslatorFactoryInitiator  : HHH000397: Using ASTQueryTranslatorFactory
2019-05-20 09:28:58.028  INFO 5803 --- [http-nio-8080-exec-5] c.b.f.user.controller.UserController     : LoginDTO data LoginDto [email=tasifmd96@gmail.com, password=tasifmd]
2019-05-20 09:28:58.034  INFO 5803 --- [http-nio-8080-exec-5] c.b.f.u.s.UserServicesImplementation     : User Password : $2a$10$h.5K.xM0.bQZ9oYH/dQQeuBYrIWmEjAxCQ7R5mPl4nPW8gUhYCoa6
2019-05-20 09:29:39.416  INFO 5803 --- [http-nio-8080-exec-5] c.b.f.user.controller.UserController     : LoginDTO data LoginDto [email=tasifmd96@gmail.com, password=tasifmd]
2019-05-20 09:29:39.417  INFO 5803 --- [http-nio-8080-exec-5] c.b.f.u.s.UserServicesImplementation     : User Password : $2a$10$h.5K.xM0.bQZ9oYH/dQQeuBYrIWmEjAxCQ7R5mPl4nPW8gUhYCoa6
2019-05-20 09:30:49.646  WARN 5803 --- [http-nio-8080-exec-8] .w.s.m.s.DefaultHandlerExceptionResolver : Resolved [org.springframework.web.bind.MissingServletRequestParameterException: Required String parameter 'email' is not present]
2019-05-20 09:31:02.855  WARN 5803 --- [http-nio-8080-exec-7] .w.s.m.s.DefaultHandlerExceptionResolver : Resolved [org.springframework.web.bind.MissingServletRequestParameterException: Required String parameter 'email' is not present]
2019-05-20 09:31:11.759  WARN 5803 --- [http-nio-8080-exec-3] .w.s.m.s.DefaultHandlerExceptionResolver : Resolved [org.springframework.web.bind.MissingServletRequestParameterException: Required String parameter 'email' is not present]
2019-05-20 09:32:27.014  INFO 5803 --- [http-nio-8080-exec-5] c.b.f.user.controller.UserController     : LoginDTO data LoginDto [email=tasifmd96@gmail.com, password=tasifmd]
2019-05-20 09:32:27.015  INFO 5803 --- [http-nio-8080-exec-5] c.b.f.u.s.UserServicesImplementation     : User Password : $2a$10$h.5K.xM0.bQZ9oYH/dQQeuBYrIWmEjAxCQ7R5mPl4nPW8gUhYCoa6
2019-05-20 09:32:27.129  WARN 5803 --- [http-nio-8080-exec-10] .w.s.m.s.DefaultHandlerExceptionResolver : Resolved [org.springframework.web.bind.MissingServletRequestParameterException: Required String parameter 'email' is not present]
2019-05-20 09:40:21.508  INFO 5803 --- [http-nio-8080-exec-9] c.b.f.user.controller.UserController     : LoginDTO data LoginDto [email=tasifmd96@gmail.com, password=tasifmd]
2019-05-20 09:40:21.509  INFO 5803 --- [http-nio-8080-exec-9] c.b.f.u.s.UserServicesImplementation     : User Password : $2a$10$h.5K.xM0.bQZ9oYH/dQQeuBYrIWmEjAxCQ7R5mPl4nPW8gUhYCoa6
2019-05-20 09:40:21.620  WARN 5803 --- [http-nio-8080-exec-4] .w.s.m.s.DefaultHandlerExceptionResolver : Resolved [org.springframework.web.bind.MissingServletRequestParameterException: Required String parameter 'email' is not present]
2019-05-20 09:42:54.028  INFO 5803 --- [RMI TCP Connection(17)-127.0.0.1] inMXBeanRegistrar$SpringApplicationAdmin : Application shutdown requested.
2019-05-20 09:42:54.039  INFO 5803 --- [RMI TCP Connection(17)-127.0.0.1] o.s.a.r.l.SimpleMessageListenerContainer : Waiting for workers to finish.
2019-05-20 09:42:54.769  INFO 5803 --- [RMI TCP Connection(17)-127.0.0.1] o.s.a.r.l.SimpleMessageListenerContainer : Successfully waited for workers to finish.
2019-05-20 09:42:54.773  INFO 5803 --- [RMI TCP Connection(17)-127.0.0.1] o.s.a.r.l.SimpleMessageListenerContainer : Shutdown ignored - container is not active already
2019-05-20 09:42:54.773  INFO 5803 --- [RMI TCP Connection(17)-127.0.0.1] o.s.s.concurrent.ThreadPoolTaskExecutor  : Shutting down ExecutorService 'applicationTaskExecutor'
2019-05-20 09:42:54.779  INFO 5803 --- [RMI TCP Connection(17)-127.0.0.1] j.LocalContainerEntityManagerFactoryBean : Closing JPA EntityManagerFactory for persistence unit 'default'
2019-05-20 09:42:54.781  INFO 5803 --- [RMI TCP Connection(17)-127.0.0.1] com.zaxxer.hikari.HikariDataSource       : HikariPool-1 - Shutdown initiated...
2019-05-20 09:42:54.785  INFO 5803 --- [RMI TCP Connection(17)-127.0.0.1] com.zaxxer.hikari.HikariDataSource       : HikariPool-1 - Shutdown completed.
2019-05-20 09:42:56.414  INFO 7516 --- [main] c.b.fundoo.FundooBackendApplication      : Starting FundooBackendApplication on admin1-desktop with PID 7516 (/home/admin1/Desktop/Tasif/STSWorkspace/BridgeLabz/FundooBackend/target/classes started by admin1 in /home/admin1/Desktop/Tasif/STSWorkspace/BridgeLabz/FundooBackend)
2019-05-20 09:42:56.415  INFO 7516 --- [main] c.b.fundoo.FundooBackendApplication      : No active profile set, falling back to default profiles: default
2019-05-20 09:42:57.076  INFO 7516 --- [main] .s.d.r.c.RepositoryConfigurationDelegate : Bootstrapping Spring Data repositories in DEFAULT mode.
2019-05-20 09:42:57.125  INFO 7516 --- [main] .s.d.r.c.RepositoryConfigurationDelegate : Finished Spring Data repository scanning in 45ms. Found 3 repository interfaces.
2019-05-20 09:42:57.310  INFO 7516 --- [main] trationDelegate$BeanPostProcessorChecker : Bean 'org.springframework.amqp.rabbit.annotation.RabbitBootstrapConfiguration' of type [org.springframework.amqp.rabbit.annotation.RabbitBootstrapConfiguration$$EnhancerBySpringCGLIB$$f276fc3d] is not eligible for getting processed by all BeanPostProcessors (for example: not eligible for auto-proxying)
2019-05-20 09:42:57.367  INFO 7516 --- [main] trationDelegate$BeanPostProcessorChecker : Bean 'org.springframework.transaction.annotation.ProxyTransactionManagementConfiguration' of type [org.springframework.transaction.annotation.ProxyTransactionManagementConfiguration$$EnhancerBySpringCGLIB$$2c0b3e0f] is not eligible for getting processed by all BeanPostProcessors (for example: not eligible for auto-proxying)
2019-05-20 09:42:57.583  INFO 7516 --- [main] o.s.b.w.embedded.tomcat.TomcatWebServer  : Tomcat initialized with port(s): 8080 (http)
2019-05-20 09:42:57.601  INFO 7516 --- [main] o.apache.catalina.core.StandardService   : Starting service [Tomcat]
2019-05-20 09:42:57.601  INFO 7516 --- [main] org.apache.catalina.core.StandardEngine  : Starting Servlet engine: [Apache Tomcat/9.0.16]
2019-05-20 09:42:57.606  INFO 7516 --- [main] o.a.catalina.core.AprLifecycleListener   : The APR based Apache Tomcat Native library which allows optimal performance in production environments was not found on the java.library.path: [/usr/java/packages/lib:/usr/lib/x86_64-linux-gnu/jni:/lib/x86_64-linux-gnu:/usr/lib/x86_64-linux-gnu:/usr/lib/jni:/lib:/usr/lib]
2019-05-20 09:42:57.689  INFO 7516 --- [main] o.a.c.c.C.[Tomcat].[localhost].[/]       : Initializing Spring embedded WebApplicationContext
2019-05-20 09:42:57.689  INFO 7516 --- [main] o.s.web.context.ContextLoader            : Root WebApplicationContext: initialization completed in 1253 ms
2019-05-20 09:42:57.812  INFO 7516 --- [main] com.zaxxer.hikari.HikariDataSource       : HikariPool-1 - Starting...
2019-05-20 09:42:57.876  INFO 7516 --- [main] com.zaxxer.hikari.HikariDataSource       : HikariPool-1 - Start completed.
2019-05-20 09:42:57.904  INFO 7516 --- [main] o.hibernate.jpa.internal.util.LogHelper  : HHH000204: Processing PersistenceUnitInfo [
	name: default
	...]
2019-05-20 09:42:57.934  INFO 7516 --- [main] org.hibernate.Version                    : HHH000412: Hibernate Core {5.3.7.Final}
2019-05-20 09:42:57.935  INFO 7516 --- [main] org.hibernate.cfg.Environment            : HHH000206: hibernate.properties not found
2019-05-20 09:42:58.035  INFO 7516 --- [main] o.hibernate.annotations.common.Version   : HCANN000001: Hibernate Commons Annotations {5.0.4.Final}
2019-05-20 09:42:58.111  INFO 7516 --- [main] org.hibernate.dialect.Dialect            : HHH000400: Using dialect: org.hibernate.dialect.MySQL5Dialect
2019-05-20 09:42:59.098  INFO 7516 --- [main] j.LocalContainerEntityManagerFactoryBean : Initialized JPA EntityManagerFactory for persistence unit 'default'
2019-05-20 09:42:59.558  WARN 7516 --- [main] aWebConfiguration$JpaWebMvcConfiguration : spring.jpa.open-in-view is enabled by default. Therefore, database queries may be performed during view rendering. Explicitly configure spring.jpa.open-in-view to disable this warning
2019-05-20 09:42:59.650  INFO 7516 --- [main] pertySourcedRequestMappingHandlerMapping : Mapped URL path [/v2/api-docs] onto method [public org.springframework.http.ResponseEntity<springfox.documentation.spring.web.json.Json> springfox.documentation.swagger2.web.Swagger2Controller.getDocumentation(java.lang.String,javax.servlet.http.HttpServletRequest)]
2019-05-20 09:42:59.750  INFO 7516 --- [main] o.s.s.concurrent.ThreadPoolTaskExecutor  : Initializing ExecutorService 'applicationTaskExecutor'
2019-05-20 09:42:59.930  INFO 7516 --- [main] d.s.w.p.DocumentationPluginsBootstrapper : Context refreshed
2019-05-20 09:42:59.941  INFO 7516 --- [main] d.s.w.p.DocumentationPluginsBootstrapper : Found 1 custom documentation plugin(s)
2019-05-20 09:42:59.963  INFO 7516 --- [main] s.d.s.w.s.ApiListingReferenceScanner     : Scanning for api listing references
2019-05-20 09:43:00.127  INFO 7516 --- [main] o.s.a.r.c.CachingConnectionFactory       : Attempting to connect to: [localhost:5672]
2019-05-20 09:43:00.159  INFO 7516 --- [main] o.s.a.r.c.CachingConnectionFactory       : Created new connection: rabbitConnectionFactory#5ca3acad:0/SimpleConnection@77430c79 [delegate=amqp://guest@127.0.0.1:5672/, localPort= 42650]
2019-05-20 09:43:00.200  INFO 7516 --- [main] o.s.b.w.embedded.tomcat.TomcatWebServer  : Tomcat started on port(s): 8080 (http) with context path ''
2019-05-20 09:43:00.202  INFO 7516 --- [main] c.b.fundoo.FundooBackendApplication      : Started FundooBackendApplication in 3.959 seconds (JVM running for 4.35)
2019-05-20 09:45:37.462  INFO 7516 --- [RMI TCP Connection(5)-127.0.0.1] inMXBeanRegistrar$SpringApplicationAdmin : Application shutdown requested.
2019-05-20 09:45:37.466  INFO 7516 --- [RMI TCP Connection(5)-127.0.0.1] o.s.a.r.l.SimpleMessageListenerContainer : Waiting for workers to finish.
2019-05-20 09:45:38.229  INFO 7516 --- [RMI TCP Connection(5)-127.0.0.1] o.s.a.r.l.SimpleMessageListenerContainer : Successfully waited for workers to finish.
2019-05-20 09:45:38.233  INFO 7516 --- [RMI TCP Connection(5)-127.0.0.1] o.s.a.r.l.SimpleMessageListenerContainer : Shutdown ignored - container is not active already
2019-05-20 09:45:38.233  INFO 7516 --- [RMI TCP Connection(5)-127.0.0.1] o.s.s.concurrent.ThreadPoolTaskExecutor  : Shutting down ExecutorService 'applicationTaskExecutor'
2019-05-20 09:45:38.239  INFO 7516 --- [RMI TCP Connection(5)-127.0.0.1] j.LocalContainerEntityManagerFactoryBean : Closing JPA EntityManagerFactory for persistence unit 'default'
2019-05-20 09:45:38.241  INFO 7516 --- [RMI TCP Connection(5)-127.0.0.1] com.zaxxer.hikari.HikariDataSource       : HikariPool-1 - Shutdown initiated...
2019-05-20 09:45:38.247  INFO 7516 --- [RMI TCP Connection(5)-127.0.0.1] com.zaxxer.hikari.HikariDataSource       : HikariPool-1 - Shutdown completed.
2019-05-20 09:45:39.604  INFO 7742 --- [main] c.b.fundoo.FundooBackendApplication      : Starting FundooBackendApplication on admin1-desktop with PID 7742 (/home/admin1/Desktop/Tasif/STSWorkspace/BridgeLabz/FundooBackend/target/classes started by admin1 in /home/admin1/Desktop/Tasif/STSWorkspace/BridgeLabz/FundooBackend)
2019-05-20 09:45:39.605  INFO 7742 --- [main] c.b.fundoo.FundooBackendApplication      : No active profile set, falling back to default profiles: default
2019-05-20 09:45:40.263  INFO 7742 --- [main] .s.d.r.c.RepositoryConfigurationDelegate : Bootstrapping Spring Data repositories in DEFAULT mode.
2019-05-20 09:45:40.306  INFO 7742 --- [main] .s.d.r.c.RepositoryConfigurationDelegate : Finished Spring Data repository scanning in 39ms. Found 3 repository interfaces.
2019-05-20 09:45:40.479  INFO 7742 --- [main] trationDelegate$BeanPostProcessorChecker : Bean 'org.springframework.amqp.rabbit.annotation.RabbitBootstrapConfiguration' of type [org.springframework.amqp.rabbit.annotation.RabbitBootstrapConfiguration$$EnhancerBySpringCGLIB$$d29a738e] is not eligible for getting processed by all BeanPostProcessors (for example: not eligible for auto-proxying)
2019-05-20 09:45:40.525  INFO 7742 --- [main] trationDelegate$BeanPostProcessorChecker : Bean 'org.springframework.transaction.annotation.ProxyTransactionManagementConfiguration' of type [org.springframework.transaction.annotation.ProxyTransactionManagementConfiguration$$EnhancerBySpringCGLIB$$c2eb560] is not eligible for getting processed by all BeanPostProcessors (for example: not eligible for auto-proxying)
2019-05-20 09:45:40.717  INFO 7742 --- [main] o.s.b.w.embedded.tomcat.TomcatWebServer  : Tomcat initialized with port(s): 8080 (http)
2019-05-20 09:45:40.735  INFO 7742 --- [main] o.apache.catalina.core.StandardService   : Starting service [Tomcat]
2019-05-20 09:45:40.735  INFO 7742 --- [main] org.apache.catalina.core.StandardEngine  : Starting Servlet engine: [Apache Tomcat/9.0.16]
2019-05-20 09:45:40.740  INFO 7742 --- [main] o.a.catalina.core.AprLifecycleListener   : The APR based Apache Tomcat Native library which allows optimal performance in production environments was not found on the java.library.path: [/usr/java/packages/lib:/usr/lib/x86_64-linux-gnu/jni:/lib/x86_64-linux-gnu:/usr/lib/x86_64-linux-gnu:/usr/lib/jni:/lib:/usr/lib]
2019-05-20 09:45:40.813  INFO 7742 --- [main] o.a.c.c.C.[Tomcat].[localhost].[/]       : Initializing Spring embedded WebApplicationContext
2019-05-20 09:45:40.813  INFO 7742 --- [main] o.s.web.context.ContextLoader            : Root WebApplicationContext: initialization completed in 1185 ms
2019-05-20 09:45:40.917  INFO 7742 --- [main] com.zaxxer.hikari.HikariDataSource       : HikariPool-1 - Starting...
2019-05-20 09:45:40.974  INFO 7742 --- [main] com.zaxxer.hikari.HikariDataSource       : HikariPool-1 - Start completed.
2019-05-20 09:45:40.999  INFO 7742 --- [main] o.hibernate.jpa.internal.util.LogHelper  : HHH000204: Processing PersistenceUnitInfo [
	name: default
	...]
2019-05-20 09:45:41.027  INFO 7742 --- [main] org.hibernate.Version                    : HHH000412: Hibernate Core {5.3.7.Final}
2019-05-20 09:45:41.028  INFO 7742 --- [main] org.hibernate.cfg.Environment            : HHH000206: hibernate.properties not found
2019-05-20 09:45:41.116  INFO 7742 --- [main] o.hibernate.annotations.common.Version   : HCANN000001: Hibernate Commons Annotations {5.0.4.Final}
2019-05-20 09:45:41.179  INFO 7742 --- [main] org.hibernate.dialect.Dialect            : HHH000400: Using dialect: org.hibernate.dialect.MySQL5Dialect
2019-05-20 09:45:42.028  INFO 7742 --- [main] j.LocalContainerEntityManagerFactoryBean : Initialized JPA EntityManagerFactory for persistence unit 'default'
2019-05-20 09:45:42.481  WARN 7742 --- [main] aWebConfiguration$JpaWebMvcConfiguration : spring.jpa.open-in-view is enabled by default. Therefore, database queries may be performed during view rendering. Explicitly configure spring.jpa.open-in-view to disable this warning
2019-05-20 09:45:42.575  INFO 7742 --- [main] pertySourcedRequestMappingHandlerMapping : Mapped URL path [/v2/api-docs] onto method [public org.springframework.http.ResponseEntity<springfox.documentation.spring.web.json.Json> springfox.documentation.swagger2.web.Swagger2Controller.getDocumentation(java.lang.String,javax.servlet.http.HttpServletRequest)]
2019-05-20 09:45:42.669  INFO 7742 --- [main] o.s.s.concurrent.ThreadPoolTaskExecutor  : Initializing ExecutorService 'applicationTaskExecutor'
2019-05-20 09:45:42.850  INFO 7742 --- [main] d.s.w.p.DocumentationPluginsBootstrapper : Context refreshed
2019-05-20 09:45:42.861  INFO 7742 --- [main] d.s.w.p.DocumentationPluginsBootstrapper : Found 1 custom documentation plugin(s)
2019-05-20 09:45:42.883  INFO 7742 --- [main] s.d.s.w.s.ApiListingReferenceScanner     : Scanning for api listing references
2019-05-20 09:45:43.023  INFO 7742 --- [main] o.s.a.r.c.CachingConnectionFactory       : Attempting to connect to: [localhost:5672]
2019-05-20 09:45:43.038  INFO 7742 --- [main] o.s.a.r.c.CachingConnectionFactory       : Created new connection: rabbitConnectionFactory#33060020:0/SimpleConnection@628cb8e0 [delegate=amqp://guest@127.0.0.1:5672/, localPort= 44026]
2019-05-20 09:45:43.085  INFO 7742 --- [main] o.s.b.w.embedded.tomcat.TomcatWebServer  : Tomcat started on port(s): 8080 (http) with context path ''
2019-05-20 09:45:43.087  INFO 7742 --- [main] c.b.fundoo.FundooBackendApplication      : Started FundooBackendApplication in 3.651 seconds (JVM running for 3.99)
2019-05-20 09:46:00.980  INFO 7742 --- [http-nio-8080-exec-1] o.a.c.c.C.[Tomcat].[localhost].[/]       : Initializing Spring DispatcherServlet 'dispatcherServlet'
2019-05-20 09:46:00.980  INFO 7742 --- [http-nio-8080-exec-1] o.s.web.servlet.DispatcherServlet        : Initializing Servlet 'dispatcherServlet'
2019-05-20 09:46:00.988  INFO 7742 --- [http-nio-8080-exec-1] o.s.web.servlet.DispatcherServlet        : Completed initialization in 8 ms
2019-05-20 09:46:01.057  INFO 7742 --- [http-nio-8080-exec-1] c.b.f.user.controller.UserController     : LoginDTO data LoginDto [email=tasifmd96@gmail.com, password=tasifmd]
2019-05-20 09:46:01.073  INFO 7742 --- [http-nio-8080-exec-1] o.h.h.i.QueryTranslatorFactoryInitiator  : HHH000397: Using ASTQueryTranslatorFactory
2019-05-20 09:46:01.148  INFO 7742 --- [http-nio-8080-exec-1] c.b.f.u.s.UserServicesImplementation     : User Password : $2a$10$h.5K.xM0.bQZ9oYH/dQQeuBYrIWmEjAxCQ7R5mPl4nPW8gUhYCoa6
2019-05-20 09:46:01.349  WARN 7742 --- [http-nio-8080-exec-2] .w.s.m.s.DefaultHandlerExceptionResolver : Resolved [org.springframework.web.bind.MissingServletRequestParameterException: Required String parameter 'email' is not present]
2019-05-20 09:48:19.965  INFO 7742 --- [http-nio-8080-exec-6] c.b.f.user.controller.UserController     : LoginDTO data LoginDto [email=tasifmd96@gmail.com, password=tasifmd]
2019-05-20 09:48:19.967  INFO 7742 --- [http-nio-8080-exec-6] c.b.f.u.s.UserServicesImplementation     : User Password : $2a$10$h.5K.xM0.bQZ9oYH/dQQeuBYrIWmEjAxCQ7R5mPl4nPW8gUhYCoa6
2019-05-20 09:48:20.073  WARN 7742 --- [http-nio-8080-exec-1] .w.s.m.s.DefaultHandlerExceptionResolver : Resolved [org.springframework.web.bind.MissingServletRequestParameterException: Required String parameter 'email' is not present]
2019-05-20 09:49:03.999  INFO 7742 --- [http-nio-8080-exec-2] c.b.f.user.controller.UserController     : LoginDTO data LoginDto [email=tasifmd96@gmail.com, password=tasifmd]
2019-05-20 09:49:04.001  INFO 7742 --- [http-nio-8080-exec-2] c.b.f.u.s.UserServicesImplementation     : User Password : $2a$10$h.5K.xM0.bQZ9oYH/dQQeuBYrIWmEjAxCQ7R5mPl4nPW8gUhYCoa6
2019-05-20 09:49:04.114  WARN 7742 --- [http-nio-8080-exec-4] .w.s.m.s.DefaultHandlerExceptionResolver : Resolved [org.springframework.web.bind.MissingServletRequestParameterException: Required String parameter 'email' is not present]
2019-05-20 09:49:32.231  INFO 7742 --- [http-nio-8080-exec-2] c.b.f.user.controller.UserController     : LoginDTO data LoginDto [email=tasifmd96@gmail.com, password=tasifmd]
2019-05-20 09:49:32.233  INFO 7742 --- [http-nio-8080-exec-2] c.b.f.u.s.UserServicesImplementation     : User Password : $2a$10$h.5K.xM0.bQZ9oYH/dQQeuBYrIWmEjAxCQ7R5mPl4nPW8gUhYCoa6
2019-05-20 09:49:32.347  WARN 7742 --- [http-nio-8080-exec-10] .w.s.m.s.DefaultHandlerExceptionResolver : Resolved [org.springframework.web.bind.MissingServletRequestParameterException: Required String parameter 'email' is not present]
2019-05-20 10:06:21.254  INFO 7742 --- [RMI TCP Connection(24)-127.0.0.1] inMXBeanRegistrar$SpringApplicationAdmin : Application shutdown requested.
2019-05-20 10:06:21.258  INFO 7742 --- [RMI TCP Connection(24)-127.0.0.1] o.s.a.r.l.SimpleMessageListenerContainer : Waiting for workers to finish.
2019-05-20 10:06:21.304  INFO 7742 --- [RMI TCP Connection(24)-127.0.0.1] o.s.a.r.l.SimpleMessageListenerContainer : Successfully waited for workers to finish.
2019-05-20 10:06:21.308  INFO 7742 --- [RMI TCP Connection(24)-127.0.0.1] o.s.a.r.l.SimpleMessageListenerContainer : Shutdown ignored - container is not active already
2019-05-20 10:06:21.308  INFO 7742 --- [RMI TCP Connection(24)-127.0.0.1] o.s.s.concurrent.ThreadPoolTaskExecutor  : Shutting down ExecutorService 'applicationTaskExecutor'
2019-05-20 10:06:21.314  INFO 7742 --- [RMI TCP Connection(24)-127.0.0.1] j.LocalContainerEntityManagerFactoryBean : Closing JPA EntityManagerFactory for persistence unit 'default'
2019-05-20 10:06:21.316  INFO 7742 --- [RMI TCP Connection(24)-127.0.0.1] com.zaxxer.hikari.HikariDataSource       : HikariPool-1 - Shutdown initiated...
2019-05-20 10:06:21.319  INFO 7742 --- [RMI TCP Connection(24)-127.0.0.1] com.zaxxer.hikari.HikariDataSource       : HikariPool-1 - Shutdown completed.
2019-05-20 10:06:23.292  INFO 9229 --- [main] c.b.fundoo.FundooBackendApplication      : Starting FundooBackendApplication on admin1-desktop with PID 9229 (/home/admin1/Desktop/Tasif/STSWorkspace/BridgeLabz/FundooBackend/target/classes started by admin1 in /home/admin1/Desktop/Tasif/STSWorkspace/BridgeLabz/FundooBackend)
2019-05-20 10:06:23.293  INFO 9229 --- [main] c.b.fundoo.FundooBackendApplication      : No active profile set, falling back to default profiles: default
2019-05-20 10:06:23.885  INFO 9229 --- [main] .s.d.r.c.RepositoryConfigurationDelegate : Bootstrapping Spring Data repositories in DEFAULT mode.
2019-05-20 10:06:23.929  INFO 9229 --- [main] .s.d.r.c.RepositoryConfigurationDelegate : Finished Spring Data repository scanning in 41ms. Found 3 repository interfaces.
2019-05-20 10:06:24.104  INFO 9229 --- [main] trationDelegate$BeanPostProcessorChecker : Bean 'org.springframework.amqp.rabbit.annotation.RabbitBootstrapConfiguration' of type [org.springframework.amqp.rabbit.annotation.RabbitBootstrapConfiguration$$EnhancerBySpringCGLIB$$b7b2f200] is not eligible for getting processed by all BeanPostProcessors (for example: not eligible for auto-proxying)
2019-05-20 10:06:24.151  INFO 9229 --- [main] trationDelegate$BeanPostProcessorChecker : Bean 'org.springframework.transaction.annotation.ProxyTransactionManagementConfiguration' of type [org.springframework.transaction.annotation.ProxyTransactionManagementConfiguration$$EnhancerBySpringCGLIB$$f14733d2] is not eligible for getting processed by all BeanPostProcessors (for example: not eligible for auto-proxying)
2019-05-20 10:06:24.343  INFO 9229 --- [main] o.s.b.w.embedded.tomcat.TomcatWebServer  : Tomcat initialized with port(s): 8080 (http)
2019-05-20 10:06:24.360  INFO 9229 --- [main] o.apache.catalina.core.StandardService   : Starting service [Tomcat]
2019-05-20 10:06:24.360  INFO 9229 --- [main] org.apache.catalina.core.StandardEngine  : Starting Servlet engine: [Apache Tomcat/9.0.16]
2019-05-20 10:06:24.365  INFO 9229 --- [main] o.a.catalina.core.AprLifecycleListener   : The APR based Apache Tomcat Native library which allows optimal performance in production environments was not found on the java.library.path: [/usr/java/packages/lib:/usr/lib/x86_64-linux-gnu/jni:/lib/x86_64-linux-gnu:/usr/lib/x86_64-linux-gnu:/usr/lib/jni:/lib:/usr/lib]
2019-05-20 10:06:24.444  INFO 9229 --- [main] o.a.c.c.C.[Tomcat].[localhost].[/]       : Initializing Spring embedded WebApplicationContext
2019-05-20 10:06:24.444  INFO 9229 --- [main] o.s.web.context.ContextLoader            : Root WebApplicationContext: initialization completed in 1130 ms
2019-05-20 10:06:24.548  INFO 9229 --- [main] com.zaxxer.hikari.HikariDataSource       : HikariPool-1 - Starting...
2019-05-20 10:06:24.604  INFO 9229 --- [main] com.zaxxer.hikari.HikariDataSource       : HikariPool-1 - Start completed.
2019-05-20 10:06:24.629  INFO 9229 --- [main] o.hibernate.jpa.internal.util.LogHelper  : HHH000204: Processing PersistenceUnitInfo [
	name: default
	...]
2019-05-20 10:06:24.657  INFO 9229 --- [main] org.hibernate.Version                    : HHH000412: Hibernate Core {5.3.7.Final}
2019-05-20 10:06:24.658  INFO 9229 --- [main] org.hibernate.cfg.Environment            : HHH000206: hibernate.properties not found
2019-05-20 10:06:24.737  INFO 9229 --- [main] o.hibernate.annotations.common.Version   : HCANN000001: Hibernate Commons Annotations {5.0.4.Final}
2019-05-20 10:06:24.800  INFO 9229 --- [main] org.hibernate.dialect.Dialect            : HHH000400: Using dialect: org.hibernate.dialect.MySQL5Dialect
2019-05-20 10:06:25.728  INFO 9229 --- [main] j.LocalContainerEntityManagerFactoryBean : Initialized JPA EntityManagerFactory for persistence unit 'default'
2019-05-20 10:06:26.209  WARN 9229 --- [main] aWebConfiguration$JpaWebMvcConfiguration : spring.jpa.open-in-view is enabled by default. Therefore, database queries may be performed during view rendering. Explicitly configure spring.jpa.open-in-view to disable this warning
2019-05-20 10:06:26.321  INFO 9229 --- [main] pertySourcedRequestMappingHandlerMapping : Mapped URL path [/v2/api-docs] onto method [public org.springframework.http.ResponseEntity<springfox.documentation.spring.web.json.Json> springfox.documentation.swagger2.web.Swagger2Controller.getDocumentation(java.lang.String,javax.servlet.http.HttpServletRequest)]
2019-05-20 10:06:26.425  INFO 9229 --- [main] o.s.s.concurrent.ThreadPoolTaskExecutor  : Initializing ExecutorService 'applicationTaskExecutor'
2019-05-20 10:06:26.618  INFO 9229 --- [main] d.s.w.p.DocumentationPluginsBootstrapper : Context refreshed
2019-05-20 10:06:26.629  INFO 9229 --- [main] d.s.w.p.DocumentationPluginsBootstrapper : Found 1 custom documentation plugin(s)
2019-05-20 10:06:26.666  INFO 9229 --- [main] s.d.s.w.s.ApiListingReferenceScanner     : Scanning for api listing references
2019-05-20 10:06:26.815  INFO 9229 --- [main] o.s.a.r.c.CachingConnectionFactory       : Attempting to connect to: [localhost:5672]
2019-05-20 10:06:26.831  INFO 9229 --- [main] o.s.a.r.c.CachingConnectionFactory       : Created new connection: rabbitConnectionFactory#72c175f1:0/SimpleConnection@5643052d [delegate=amqp://guest@127.0.0.1:5672/, localPort= 54420]
2019-05-20 10:06:26.879  INFO 9229 --- [main] o.s.b.w.embedded.tomcat.TomcatWebServer  : Tomcat started on port(s): 8080 (http) with context path ''
2019-05-20 10:06:26.881  INFO 9229 --- [main] c.b.fundoo.FundooBackendApplication      : Started FundooBackendApplication in 3.761 seconds (JVM running for 4.529)
2019-05-20 10:06:53.433  INFO 9229 --- [http-nio-8080-exec-3] o.a.c.c.C.[Tomcat].[localhost].[/]       : Initializing Spring DispatcherServlet 'dispatcherServlet'
2019-05-20 10:06:53.435  INFO 9229 --- [http-nio-8080-exec-3] o.s.web.servlet.DispatcherServlet        : Initializing Servlet 'dispatcherServlet'
2019-05-20 10:06:53.469  INFO 9229 --- [http-nio-8080-exec-3] o.s.web.servlet.DispatcherServlet        : Completed initialization in 34 ms
2019-05-20 10:06:53.712  INFO 9229 --- [http-nio-8080-exec-2] o.h.h.i.QueryTranslatorFactoryInitiator  : HHH000397: Using ASTQueryTranslatorFactory
2019-05-20 10:07:06.996  INFO 9229 --- [http-nio-8080-exec-4] c.b.f.user.controller.UserController     : LoginDTO data LoginDto [email=tasifmd96@gmail.com, password=tasifmd]
2019-05-20 10:07:07.000  INFO 9229 --- [http-nio-8080-exec-4] c.b.f.u.s.UserServicesImplementation     : User Password : $2a$10$h.5K.xM0.bQZ9oYH/dQQeuBYrIWmEjAxCQ7R5mPl4nPW8gUhYCoa6
2019-05-20 10:08:28.081  INFO 9229 --- [http-nio-8080-exec-6] c.b.f.user.controller.UserController     : LoginDTO data LoginDto [email=tasifmd96@gmail.com, password=tasifmd]
2019-05-20 10:08:28.084  INFO 9229 --- [http-nio-8080-exec-6] c.b.f.u.s.UserServicesImplementation     : User Password : $2a$10$h.5K.xM0.bQZ9oYH/dQQeuBYrIWmEjAxCQ7R5mPl4nPW8gUhYCoa6
2019-05-20 10:09:37.281  INFO 9229 --- [http-nio-8080-exec-5] c.b.f.user.controller.UserController     : LoginDTO data LoginDto [email=tasifmd96@gmail.com, password=tasifmd]
2019-05-20 10:09:37.283  INFO 9229 --- [http-nio-8080-exec-5] c.b.f.u.s.UserServicesImplementation     : User Password : $2a$10$h.5K.xM0.bQZ9oYH/dQQeuBYrIWmEjAxCQ7R5mPl4nPW8gUhYCoa6
2019-05-20 10:24:15.694  INFO 9229 --- [RMI TCP Connection(20)-127.0.0.1] inMXBeanRegistrar$SpringApplicationAdmin : Application shutdown requested.
2019-05-20 10:24:15.753  INFO 9229 --- [RMI TCP Connection(20)-127.0.0.1] o.s.a.r.l.SimpleMessageListenerContainer : Waiting for workers to finish.
2019-05-20 10:24:16.050  INFO 9229 --- [RMI TCP Connection(20)-127.0.0.1] o.s.a.r.l.SimpleMessageListenerContainer : Successfully waited for workers to finish.
2019-05-20 10:24:16.052  INFO 9229 --- [RMI TCP Connection(20)-127.0.0.1] o.s.a.r.l.SimpleMessageListenerContainer : Shutdown ignored - container is not active already
2019-05-20 10:24:16.052  INFO 9229 --- [RMI TCP Connection(20)-127.0.0.1] o.s.s.concurrent.ThreadPoolTaskExecutor  : Shutting down ExecutorService 'applicationTaskExecutor'
2019-05-20 10:24:16.062  INFO 9229 --- [RMI TCP Connection(20)-127.0.0.1] j.LocalContainerEntityManagerFactoryBean : Closing JPA EntityManagerFactory for persistence unit 'default'
2019-05-20 10:24:16.100  INFO 9229 --- [RMI TCP Connection(20)-127.0.0.1] com.zaxxer.hikari.HikariDataSource       : HikariPool-1 - Shutdown initiated...
2019-05-20 10:24:16.129  INFO 9229 --- [RMI TCP Connection(20)-127.0.0.1] com.zaxxer.hikari.HikariDataSource       : HikariPool-1 - Shutdown completed.
2019-05-20 10:24:20.858  INFO 11609 --- [main] c.b.fundoo.FundooBackendApplication      : Starting FundooBackendApplication on admin1-desktop with PID 11609 (/home/admin1/Desktop/Tasif/STSWorkspace/BridgeLabz/FundooBackend/target/classes started by admin1 in /home/admin1/Desktop/Tasif/STSWorkspace/BridgeLabz/FundooBackend)
2019-05-20 10:24:20.862  INFO 11609 --- [main] c.b.fundoo.FundooBackendApplication      : No active profile set, falling back to default profiles: default
2019-05-20 10:24:23.821  INFO 11609 --- [main] .s.d.r.c.RepositoryConfigurationDelegate : Bootstrapping Spring Data repositories in DEFAULT mode.
2019-05-20 10:24:23.924  INFO 11609 --- [main] .s.d.r.c.RepositoryConfigurationDelegate : Finished Spring Data repository scanning in 81ms. Found 3 repository interfaces.
2019-05-20 10:24:24.245  INFO 11609 --- [main] trationDelegate$BeanPostProcessorChecker : Bean 'org.springframework.amqp.rabbit.annotation.RabbitBootstrapConfiguration' of type [org.springframework.amqp.rabbit.annotation.RabbitBootstrapConfiguration$$EnhancerBySpringCGLIB$$335013e] is not eligible for getting processed by all BeanPostProcessors (for example: not eligible for auto-proxying)
2019-05-20 10:24:24.309  INFO 11609 --- [main] trationDelegate$BeanPostProcessorChecker : Bean 'org.springframework.transaction.annotation.ProxyTransactionManagementConfiguration' of type [org.springframework.transaction.annotation.ProxyTransactionManagementConfiguration$$EnhancerBySpringCGLIB$$3cc94310] is not eligible for getting processed by all BeanPostProcessors (for example: not eligible for auto-proxying)
2019-05-20 10:24:24.864  INFO 11609 --- [main] o.s.b.w.embedded.tomcat.TomcatWebServer  : Tomcat initialized with port(s): 8080 (http)
2019-05-20 10:24:24.976  INFO 11609 --- [main] o.apache.catalina.core.StandardService   : Starting service [Tomcat]
2019-05-20 10:24:24.977  INFO 11609 --- [main] org.apache.catalina.core.StandardEngine  : Starting Servlet engine: [Apache Tomcat/9.0.16]
2019-05-20 10:24:25.003  INFO 11609 --- [main] o.a.catalina.core.AprLifecycleListener   : The APR based Apache Tomcat Native library which allows optimal performance in production environments was not found on the java.library.path: [/usr/java/packages/lib:/usr/lib/x86_64-linux-gnu/jni:/lib/x86_64-linux-gnu:/usr/lib/x86_64-linux-gnu:/usr/lib/jni:/lib:/usr/lib]
2019-05-20 10:24:25.237  INFO 11609 --- [main] o.a.c.c.C.[Tomcat].[localhost].[/]       : Initializing Spring embedded WebApplicationContext
2019-05-20 10:24:25.237  INFO 11609 --- [main] o.s.web.context.ContextLoader            : Root WebApplicationContext: initialization completed in 4239 ms
2019-05-20 10:24:25.614  INFO 11609 --- [main] com.zaxxer.hikari.HikariDataSource       : HikariPool-1 - Starting...
2019-05-20 10:24:25.818  INFO 11609 --- [main] com.zaxxer.hikari.HikariDataSource       : HikariPool-1 - Start completed.
2019-05-20 10:24:25.949  INFO 11609 --- [main] o.hibernate.jpa.internal.util.LogHelper  : HHH000204: Processing PersistenceUnitInfo [
	name: default
	...]
2019-05-20 10:24:26.126  INFO 11609 --- [main] org.hibernate.Version                    : HHH000412: Hibernate Core {5.3.7.Final}
2019-05-20 10:24:26.136  INFO 11609 --- [main] org.hibernate.cfg.Environment            : HHH000206: hibernate.properties not found
2019-05-20 10:24:26.538  INFO 11609 --- [main] o.hibernate.annotations.common.Version   : HCANN000001: Hibernate Commons Annotations {5.0.4.Final}
2019-05-20 10:24:26.770  INFO 11609 --- [main] org.hibernate.dialect.Dialect            : HHH000400: Using dialect: org.hibernate.dialect.MySQL5Dialect
2019-05-20 10:24:29.266  INFO 11609 --- [main] j.LocalContainerEntityManagerFactoryBean : Initialized JPA EntityManagerFactory for persistence unit 'default'
2019-05-20 10:24:30.167  WARN 11609 --- [main] aWebConfiguration$JpaWebMvcConfiguration : spring.jpa.open-in-view is enabled by default. Therefore, database queries may be performed during view rendering. Explicitly configure spring.jpa.open-in-view to disable this warning
2019-05-20 10:24:30.281  INFO 11609 --- [main] pertySourcedRequestMappingHandlerMapping : Mapped URL path [/v2/api-docs] onto method [public org.springframework.http.ResponseEntity<springfox.documentation.spring.web.json.Json> springfox.documentation.swagger2.web.Swagger2Controller.getDocumentation(java.lang.String,javax.servlet.http.HttpServletRequest)]
2019-05-20 10:24:30.441  INFO 11609 --- [main] o.s.s.concurrent.ThreadPoolTaskExecutor  : Initializing ExecutorService 'applicationTaskExecutor'
2019-05-20 10:24:30.729  INFO 11609 --- [main] d.s.w.p.DocumentationPluginsBootstrapper : Context refreshed
2019-05-20 10:24:30.773  INFO 11609 --- [main] d.s.w.p.DocumentationPluginsBootstrapper : Found 1 custom documentation plugin(s)
2019-05-20 10:24:30.796  INFO 11609 --- [main] s.d.s.w.s.ApiListingReferenceScanner     : Scanning for api listing references
2019-05-20 10:24:30.953  INFO 11609 --- [main] o.s.a.r.c.CachingConnectionFactory       : Attempting to connect to: [localhost:5672]
2019-05-20 10:24:31.038  INFO 11609 --- [main] o.s.a.r.c.CachingConnectionFactory       : Created new connection: rabbitConnectionFactory#236f3885:0/SimpleConnection@29767156 [delegate=amqp://guest@127.0.0.1:5672/, localPort= 35658]
2019-05-20 10:24:31.140  INFO 11609 --- [main] o.s.b.w.embedded.tomcat.TomcatWebServer  : Tomcat started on port(s): 8080 (http) with context path ''
2019-05-20 10:24:31.150  INFO 11609 --- [main] c.b.fundoo.FundooBackendApplication      : Started FundooBackendApplication in 11.324 seconds (JVM running for 13.876)
2019-05-20 10:29:10.017  INFO 11609 --- [http-nio-8080-exec-1] o.a.c.c.C.[Tomcat].[localhost].[/]       : Initializing Spring DispatcherServlet 'dispatcherServlet'
2019-05-20 10:29:10.017  INFO 11609 --- [http-nio-8080-exec-1] o.s.web.servlet.DispatcherServlet        : Initializing Servlet 'dispatcherServlet'
2019-05-20 10:29:10.025  INFO 11609 --- [http-nio-8080-exec-1] o.s.web.servlet.DispatcherServlet        : Completed initialization in 8 ms
2019-05-20 10:29:10.758  INFO 11609 --- [http-nio-8080-exec-6] o.h.h.i.QueryTranslatorFactoryInitiator  : HHH000397: Using ASTQueryTranslatorFactory
2019-05-20 10:33:04.656  INFO 11609 --- [http-nio-8080-exec-3] c.b.f.notes.controller.NotesController   : NotesDto [title=Title, description=Description, color=null]
2019-05-20 10:33:13.670  INFO 11609 --- [http-nio-8080-exec-1] c.b.f.notes.controller.NotesController   : NotesDto [title=Title, description=Description, color=null]
2019-05-20 10:33:18.983  INFO 11609 --- [http-nio-8080-exec-6] c.b.f.notes.controller.NotesController   : NotesDto [title=11111111122222222222222gftht, description=, color=null]
2019-05-20 10:37:10.231  INFO 11609 --- [http-nio-8080-exec-10] c.b.f.notes.controller.NotesController   : NotesDto [title=Title, description=Description, color=null]
2019-05-20 10:37:45.958  INFO 11609 --- [http-nio-8080-exec-4] c.b.f.notes.controller.NotesController   : NotesDto [title=Title, description=Description, color=null]
2019-05-20 10:40:18.868  INFO 11609 --- [http-nio-8080-exec-1] c.b.f.notes.controller.NotesController   : NotesDto [title=11111111122222222222222, description=, color=null]
2019-05-20 12:58:18.280  INFO 11609 --- [http-nio-8080-exec-4] c.b.f.notes.controller.NotesController   : NotesDto [title=Title, description=Description, color=null]
2019-05-20 14:26:52.365  INFO 11609 --- [RMI TCP Connection(245)-127.0.0.1] inMXBeanRegistrar$SpringApplicationAdmin : Application shutdown requested.
2019-05-20 14:26:52.794  INFO 11609 --- [RMI TCP Connection(245)-127.0.0.1] o.s.a.r.l.SimpleMessageListenerContainer : Waiting for workers to finish.
2019-05-20 14:26:52.946  INFO 11609 --- [RMI TCP Connection(245)-127.0.0.1] o.s.a.r.l.SimpleMessageListenerContainer : Successfully waited for workers to finish.
2019-05-20 14:26:53.085  INFO 11609 --- [RMI TCP Connection(245)-127.0.0.1] o.s.a.r.l.SimpleMessageListenerContainer : Shutdown ignored - container is not active already
2019-05-20 14:26:53.085  INFO 11609 --- [RMI TCP Connection(245)-127.0.0.1] o.s.s.concurrent.ThreadPoolTaskExecutor  : Shutting down ExecutorService 'applicationTaskExecutor'
2019-05-20 14:26:53.241  INFO 11609 --- [RMI TCP Connection(245)-127.0.0.1] j.LocalContainerEntityManagerFactoryBean : Closing JPA EntityManagerFactory for persistence unit 'default'
2019-05-20 14:26:53.358  INFO 11609 --- [RMI TCP Connection(245)-127.0.0.1] com.zaxxer.hikari.HikariDataSource       : HikariPool-1 - Shutdown initiated...
2019-05-20 14:26:53.379  INFO 11609 --- [RMI TCP Connection(245)-127.0.0.1] com.zaxxer.hikari.HikariDataSource       : HikariPool-1 - Shutdown completed.
2019-05-20 14:27:04.127  INFO 28931 --- [main] c.b.fundoo.FundooBackendApplication      : Starting FundooBackendApplication on admin1-desktop with PID 28931 (/home/admin1/Desktop/Tasif/STSWorkspace/BridgeLabz/FundooBackend/target/classes started by admin1 in /home/admin1/Desktop/Tasif/STSWorkspace/BridgeLabz/FundooBackend)
2019-05-20 14:27:04.144  INFO 28931 --- [main] c.b.fundoo.FundooBackendApplication      : No active profile set, falling back to default profiles: default
2019-05-20 14:27:07.218  INFO 28931 --- [main] .s.d.r.c.RepositoryConfigurationDelegate : Bootstrapping Spring Data repositories in DEFAULT mode.
2019-05-20 14:27:07.346  INFO 28931 --- [main] .s.d.r.c.RepositoryConfigurationDelegate : Finished Spring Data repository scanning in 110ms. Found 3 repository interfaces.
2019-05-20 14:27:07.678  INFO 28931 --- [main] trationDelegate$BeanPostProcessorChecker : Bean 'org.springframework.amqp.rabbit.annotation.RabbitBootstrapConfiguration' of type [org.springframework.amqp.rabbit.annotation.RabbitBootstrapConfiguration$$EnhancerBySpringCGLIB$$2141e175] is not eligible for getting processed by all BeanPostProcessors (for example: not eligible for auto-proxying)
2019-05-20 14:27:07.741  INFO 28931 --- [main] trationDelegate$BeanPostProcessorChecker : Bean 'org.springframework.transaction.annotation.ProxyTransactionManagementConfiguration' of type [org.springframework.transaction.annotation.ProxyTransactionManagementConfiguration$$EnhancerBySpringCGLIB$$5ad62347] is not eligible for getting processed by all BeanPostProcessors (for example: not eligible for auto-proxying)
2019-05-20 14:27:09.162  INFO 28931 --- [main] o.s.b.w.embedded.tomcat.TomcatWebServer  : Tomcat initialized with port(s): 8080 (http)
2019-05-20 14:27:09.225  INFO 28931 --- [main] o.apache.catalina.core.StandardService   : Starting service [Tomcat]
2019-05-20 14:27:09.226  INFO 28931 --- [main] org.apache.catalina.core.StandardEngine  : Starting Servlet engine: [Apache Tomcat/9.0.16]
2019-05-20 14:27:09.272  INFO 28931 --- [main] o.a.catalina.core.AprLifecycleListener   : The APR based Apache Tomcat Native library which allows optimal performance in production environments was not found on the java.library.path: [/usr/java/packages/lib:/usr/lib/x86_64-linux-gnu/jni:/lib/x86_64-linux-gnu:/usr/lib/x86_64-linux-gnu:/usr/lib/jni:/lib:/usr/lib]
2019-05-20 14:27:09.558  INFO 28931 --- [main] o.a.c.c.C.[Tomcat].[localhost].[/]       : Initializing Spring embedded WebApplicationContext
2019-05-20 14:27:09.558  INFO 28931 --- [main] o.s.web.context.ContextLoader            : Root WebApplicationContext: initialization completed in 5262 ms
2019-05-20 14:27:09.871  INFO 28931 --- [main] com.zaxxer.hikari.HikariDataSource       : HikariPool-1 - Starting...
2019-05-20 14:27:10.116  INFO 28931 --- [main] com.zaxxer.hikari.HikariDataSource       : HikariPool-1 - Start completed.
2019-05-20 14:27:10.286  INFO 28931 --- [main] o.hibernate.jpa.internal.util.LogHelper  : HHH000204: Processing PersistenceUnitInfo [
	name: default
	...]
2019-05-20 14:27:10.746  INFO 28931 --- [main] org.hibernate.Version                    : HHH000412: Hibernate Core {5.3.7.Final}
2019-05-20 14:27:10.749  INFO 28931 --- [main] org.hibernate.cfg.Environment            : HHH000206: hibernate.properties not found
2019-05-20 14:27:11.211  INFO 28931 --- [main] o.hibernate.annotations.common.Version   : HCANN000001: Hibernate Commons Annotations {5.0.4.Final}
2019-05-20 14:27:11.516  INFO 28931 --- [main] org.hibernate.dialect.Dialect            : HHH000400: Using dialect: org.hibernate.dialect.MySQL5Dialect
2019-05-20 14:27:14.325  INFO 28931 --- [main] j.LocalContainerEntityManagerFactoryBean : Initialized JPA EntityManagerFactory for persistence unit 'default'
2019-05-20 14:27:15.399  WARN 28931 --- [main] aWebConfiguration$JpaWebMvcConfiguration : spring.jpa.open-in-view is enabled by default. Therefore, database queries may be performed during view rendering. Explicitly configure spring.jpa.open-in-view to disable this warning
2019-05-20 14:27:15.505  INFO 28931 --- [main] pertySourcedRequestMappingHandlerMapping : Mapped URL path [/v2/api-docs] onto method [public org.springframework.http.ResponseEntity<springfox.documentation.spring.web.json.Json> springfox.documentation.swagger2.web.Swagger2Controller.getDocumentation(java.lang.String,javax.servlet.http.HttpServletRequest)]
2019-05-20 14:27:15.634  INFO 28931 --- [main] o.s.s.concurrent.ThreadPoolTaskExecutor  : Initializing ExecutorService 'applicationTaskExecutor'
2019-05-20 14:27:15.932  INFO 28931 --- [main] d.s.w.p.DocumentationPluginsBootstrapper : Context refreshed
2019-05-20 14:27:15.977  INFO 28931 --- [main] d.s.w.p.DocumentationPluginsBootstrapper : Found 1 custom documentation plugin(s)
2019-05-20 14:27:15.999  INFO 28931 --- [main] s.d.s.w.s.ApiListingReferenceScanner     : Scanning for api listing references
2019-05-20 14:27:16.187  INFO 28931 --- [main] o.s.a.r.c.CachingConnectionFactory       : Attempting to connect to: [localhost:5672]
2019-05-20 14:27:17.385  INFO 28931 --- [main] o.s.a.r.c.CachingConnectionFactory       : Created new connection: rabbitConnectionFactory#34c07ecc:0/SimpleConnection@71b6edfb [delegate=amqp://guest@127.0.0.1:5672/, localPort= 43356]
2019-05-20 14:27:18.329  INFO 28931 --- [main] o.s.b.w.embedded.tomcat.TomcatWebServer  : Tomcat started on port(s): 8080 (http) with context path ''
2019-05-20 14:27:18.357  INFO 28931 --- [main] c.b.fundoo.FundooBackendApplication      : Started FundooBackendApplication in 15.069 seconds (JVM running for 21.306)
2019-05-20 14:28:34.429  INFO 28931 --- [http-nio-8080-exec-1] o.a.c.c.C.[Tomcat].[localhost].[/]       : Initializing Spring DispatcherServlet 'dispatcherServlet'
2019-05-20 14:28:34.431  INFO 28931 --- [http-nio-8080-exec-1] o.s.web.servlet.DispatcherServlet        : Initializing Servlet 'dispatcherServlet'
2019-05-20 14:28:34.443  INFO 28931 --- [http-nio-8080-exec-1] o.s.web.servlet.DispatcherServlet        : Completed initialization in 11 ms
2019-05-20 14:28:34.996 ERROR 28931 --- [http-nio-8080-exec-1] o.a.c.c.C.[.[.[/].[dispatcherServlet]    : Servlet.service() for servlet [dispatcherServlet] in context with path [] threw exception [Request processing failed; nested exception is java.util.NoSuchElementException: No value present] with root cause

java.util.NoSuchElementException: No value present
	at java.base/java.util.Optional.get(Optional.java:148) ~[na:na]
	at com.bridgelabz.fundoo.notes.service.NotesServiceImpl.getCollaboratedUser(NotesServiceImpl.java:361) ~[classes/:na]
	at com.bridgelabz.fundoo.notes.controller.NotesController.getCollaboratedUser(NotesController.java:202) ~[classes/:na]
	at java.base/jdk.internal.reflect.NativeMethodAccessorImpl.invoke0(Native Method) ~[na:na]
	at java.base/jdk.internal.reflect.NativeMethodAccessorImpl.invoke(NativeMethodAccessorImpl.java:62) ~[na:na]
	at java.base/jdk.internal.reflect.DelegatingMethodAccessorImpl.invoke(DelegatingMethodAccessorImpl.java:43) ~[na:na]
	at java.base/java.lang.reflect.Method.invoke(Method.java:566) ~[na:na]
	at org.springframework.web.method.support.InvocableHandlerMethod.doInvoke(InvocableHandlerMethod.java:189) ~[spring-web-5.1.5.RELEASE.jar:5.1.5.RELEASE]
	at org.springframework.web.method.support.InvocableHandlerMethod.invokeForRequest(InvocableHandlerMethod.java:138) ~[spring-web-5.1.5.RELEASE.jar:5.1.5.RELEASE]
	at org.springframework.web.servlet.mvc.method.annotation.ServletInvocableHandlerMethod.invokeAndHandle(ServletInvocableHandlerMethod.java:102) ~[spring-webmvc-5.1.5.RELEASE.jar:5.1.5.RELEASE]
	at org.springframework.web.servlet.mvc.method.annotation.RequestMappingHandlerAdapter.invokeHandlerMethod(RequestMappingHandlerAdapter.java:895) ~[spring-webmvc-5.1.5.RELEASE.jar:5.1.5.RELEASE]
	at org.springframework.web.servlet.mvc.method.annotation.RequestMappingHandlerAdapter.handleInternal(RequestMappingHandlerAdapter.java:800) ~[spring-webmvc-5.1.5.RELEASE.jar:5.1.5.RELEASE]
	at org.springframework.web.servlet.mvc.method.AbstractHandlerMethodAdapter.handle(AbstractHandlerMethodAdapter.java:87) ~[spring-webmvc-5.1.5.RELEASE.jar:5.1.5.RELEASE]
	at org.springframework.web.servlet.DispatcherServlet.doDispatch(DispatcherServlet.java:1038) ~[spring-webmvc-5.1.5.RELEASE.jar:5.1.5.RELEASE]
	at org.springframework.web.servlet.DispatcherServlet.doService(DispatcherServlet.java:942) ~[spring-webmvc-5.1.5.RELEASE.jar:5.1.5.RELEASE]
	at org.springframework.web.servlet.FrameworkServlet.processRequest(FrameworkServlet.java:1005) ~[spring-webmvc-5.1.5.RELEASE.jar:5.1.5.RELEASE]
	at org.springframework.web.servlet.FrameworkServlet.doGet(FrameworkServlet.java:897) ~[spring-webmvc-5.1.5.RELEASE.jar:5.1.5.RELEASE]
	at javax.servlet.http.HttpServlet.service(HttpServlet.java:634) ~[tomcat-embed-core-9.0.16.jar:9.0.16]
	at org.springframework.web.servlet.FrameworkServlet.service(FrameworkServlet.java:882) ~[spring-webmvc-5.1.5.RELEASE.jar:5.1.5.RELEASE]
	at javax.servlet.http.HttpServlet.service(HttpServlet.java:741) ~[tomcat-embed-core-9.0.16.jar:9.0.16]
	at org.apache.catalina.core.ApplicationFilterChain.internalDoFilter(ApplicationFilterChain.java:231) ~[tomcat-embed-core-9.0.16.jar:9.0.16]
	at org.apache.catalina.core.ApplicationFilterChain.doFilter(ApplicationFilterChain.java:166) ~[tomcat-embed-core-9.0.16.jar:9.0.16]
	at org.apache.tomcat.websocket.server.WsFilter.doFilter(WsFilter.java:53) ~[tomcat-embed-websocket-9.0.16.jar:9.0.16]
	at org.apache.catalina.core.ApplicationFilterChain.internalDoFilter(ApplicationFilterChain.java:193) ~[tomcat-embed-core-9.0.16.jar:9.0.16]
	at org.apache.catalina.core.ApplicationFilterChain.doFilter(ApplicationFilterChain.java:166) ~[tomcat-embed-core-9.0.16.jar:9.0.16]
	at org.springframework.web.filter.RequestContextFilter.doFilterInternal(RequestContextFilter.java:99) ~[spring-web-5.1.5.RELEASE.jar:5.1.5.RELEASE]
	at org.springframework.web.filter.OncePerRequestFilter.doFilter(OncePerRequestFilter.java:107) ~[spring-web-5.1.5.RELEASE.jar:5.1.5.RELEASE]
	at org.apache.catalina.core.ApplicationFilterChain.internalDoFilter(ApplicationFilterChain.java:193) ~[tomcat-embed-core-9.0.16.jar:9.0.16]
	at org.apache.catalina.core.ApplicationFilterChain.doFilter(ApplicationFilterChain.java:166) ~[tomcat-embed-core-9.0.16.jar:9.0.16]
	at org.springframework.web.filter.FormContentFilter.doFilterInternal(FormContentFilter.java:92) ~[spring-web-5.1.5.RELEASE.jar:5.1.5.RELEASE]
	at org.springframework.web.filter.OncePerRequestFilter.doFilter(OncePerRequestFilter.java:107) ~[spring-web-5.1.5.RELEASE.jar:5.1.5.RELEASE]
	at org.apache.catalina.core.ApplicationFilterChain.internalDoFilter(ApplicationFilterChain.java:193) ~[tomcat-embed-core-9.0.16.jar:9.0.16]
	at org.apache.catalina.core.ApplicationFilterChain.doFilter(ApplicationFilterChain.java:166) ~[tomcat-embed-core-9.0.16.jar:9.0.16]
	at org.springframework.web.filter.HiddenHttpMethodFilter.doFilterInternal(HiddenHttpMethodFilter.java:93) ~[spring-web-5.1.5.RELEASE.jar:5.1.5.RELEASE]
	at org.springframework.web.filter.OncePerRequestFilter.doFilter(OncePerRequestFilter.java:107) ~[spring-web-5.1.5.RELEASE.jar:5.1.5.RELEASE]
	at org.apache.catalina.core.ApplicationFilterChain.internalDoFilter(ApplicationFilterChain.java:193) ~[tomcat-embed-core-9.0.16.jar:9.0.16]
	at org.apache.catalina.core.ApplicationFilterChain.doFilter(ApplicationFilterChain.java:166) ~[tomcat-embed-core-9.0.16.jar:9.0.16]
	at org.springframework.web.filter.CharacterEncodingFilter.doFilterInternal(CharacterEncodingFilter.java:200) ~[spring-web-5.1.5.RELEASE.jar:5.1.5.RELEASE]
	at org.springframework.web.filter.OncePerRequestFilter.doFilter(OncePerRequestFilter.java:107) ~[spring-web-5.1.5.RELEASE.jar:5.1.5.RELEASE]
	at org.apache.catalina.core.ApplicationFilterChain.internalDoFilter(ApplicationFilterChain.java:193) ~[tomcat-embed-core-9.0.16.jar:9.0.16]
	at org.apache.catalina.core.ApplicationFilterChain.doFilter(ApplicationFilterChain.java:166) ~[tomcat-embed-core-9.0.16.jar:9.0.16]
	at org.apache.catalina.core.StandardWrapperValve.invoke(StandardWrapperValve.java:200) ~[tomcat-embed-core-9.0.16.jar:9.0.16]
	at org.apache.catalina.core.StandardContextValve.invoke(StandardContextValve.java:96) ~[tomcat-embed-core-9.0.16.jar:9.0.16]
	at org.apache.catalina.authenticator.AuthenticatorBase.invoke(AuthenticatorBase.java:490) ~[tomcat-embed-core-9.0.16.jar:9.0.16]
	at org.apache.catalina.core.StandardHostValve.invoke(StandardHostValve.java:139) ~[tomcat-embed-core-9.0.16.jar:9.0.16]
	at org.apache.catalina.valves.ErrorReportValve.invoke(ErrorReportValve.java:92) ~[tomcat-embed-core-9.0.16.jar:9.0.16]
	at org.apache.catalina.core.StandardEngineValve.invoke(StandardEngineValve.java:74) ~[tomcat-embed-core-9.0.16.jar:9.0.16]
	at org.apache.catalina.connector.CoyoteAdapter.service(CoyoteAdapter.java:343) ~[tomcat-embed-core-9.0.16.jar:9.0.16]
	at org.apache.coyote.http11.Http11Processor.service(Http11Processor.java:408) ~[tomcat-embed-core-9.0.16.jar:9.0.16]
	at org.apache.coyote.AbstractProcessorLight.process(AbstractProcessorLight.java:66) ~[tomcat-embed-core-9.0.16.jar:9.0.16]
	at org.apache.coyote.AbstractProtocol$ConnectionHandler.process(AbstractProtocol.java:834) ~[tomcat-embed-core-9.0.16.jar:9.0.16]
	at org.apache.tomcat.util.net.NioEndpoint$SocketProcessor.doRun(NioEndpoint.java:1415) ~[tomcat-embed-core-9.0.16.jar:9.0.16]
	at org.apache.tomcat.util.net.SocketProcessorBase.run(SocketProcessorBase.java:49) ~[tomcat-embed-core-9.0.16.jar:9.0.16]
	at java.base/java.util.concurrent.ThreadPoolExecutor.runWorker(ThreadPoolExecutor.java:1128) ~[na:na]
	at java.base/java.util.concurrent.ThreadPoolExecutor$Worker.run(ThreadPoolExecutor.java:628) ~[na:na]
	at org.apache.tomcat.util.threads.TaskThread$WrappingRunnable.run(TaskThread.java:61) ~[tomcat-embed-core-9.0.16.jar:9.0.16]
	at java.base/java.lang.Thread.run(Thread.java:834) ~[na:na]

2019-05-20 14:29:53.677  INFO 28931 --- [http-nio-8080-exec-2] o.h.h.i.QueryTranslatorFactoryInitiator  : HHH000397: Using ASTQueryTranslatorFactory
2019-05-20 14:32:45.209  INFO 28931 --- [http-nio-8080-exec-5] c.b.f.user.controller.UserController     : userDTO dataUserDto [name=Tasif Mohammed, email=tasifmohammed096@gmail.com, password=tasifmd, mobileNumber=9178184086]
2019-05-20 14:32:45.209  INFO 28931 --- [http-nio-8080-exec-5] c.b.f.u.s.UserServicesImplementation     : UserDto [name=Tasif Mohammed, email=tasifmohammed096@gmail.com, password=tasifmd, mobileNumber=9178184086]
2019-05-20 14:32:45.478  INFO 28931 --- [http-nio-8080-exec-5] c.b.f.u.s.UserServicesImplementation     : User [userId=26, name=Tasif Mohammed, email=tasifmohammed096@gmail.com, password=$2a$10$/kyV.ceLPsgX2C8KNWpEVOLVu6.G0QIKYTy3oWBIskSA.1JVNYHa2, mobileNumber=9178184086, isVarified=false, registeredDate=2019-05-20, updatedDate=null, notes=null, label=null, collaboratedNotes=null]
2019-05-20 14:33:11.044  INFO 28931 --- [http-nio-8080-exec-6] c.b.f.u.s.UserServicesImplementation     : User : User [userId=26, name=Tasif Mohammed, email=tasifmohammed096@gmail.com, password=$2a$10$/kyV.ceLPsgX2C8KNWpEVOLVu6.G0QIKYTy3oWBIskSA.1JVNYHa2, mobileNumber=9178184086, isVarified=false, registeredDate=2019-05-20, updatedDate=null, notes=[], label=[], collaboratedNotes=[]]
2019-05-20 14:33:11.044  INFO 28931 --- [http-nio-8080-exec-6] c.b.f.u.s.UserServicesImplementation     : User : User [userId=26, name=Tasif Mohammed, email=tasifmohammed096@gmail.com, password=$2a$10$/kyV.ceLPsgX2C8KNWpEVOLVu6.G0QIKYTy3oWBIskSA.1JVNYHa2, mobileNumber=9178184086, isVarified=true, registeredDate=2019-05-20, updatedDate=2019-05-20, notes=[], label=[], collaboratedNotes=[]]
2019-05-20 14:34:45.875  INFO 28931 --- [http-nio-8080-exec-2] c.b.f.user.controller.UserController     : LoginDTO data LoginDto [email=tasifmd96@gmail.com, password=tasifmd]
2019-05-20 14:34:45.878  INFO 28931 --- [http-nio-8080-exec-2] c.b.f.u.s.UserServicesImplementation     : User Password : $2a$10$h.5K.xM0.bQZ9oYH/dQQeuBYrIWmEjAxCQ7R5mPl4nPW8gUhYCoa6
2019-05-20 15:02:27.610  INFO 28931 --- [http-nio-8080-exec-9] c.b.f.notes.controller.NotesController   : NotesDto [title=, description=tasif, color=null]
2019-05-20 15:07:18.901  INFO 28931 --- [RMI TCP Connection(43)-127.0.0.1] inMXBeanRegistrar$SpringApplicationAdmin : Application shutdown requested.
2019-05-20 15:07:19.086  INFO 28931 --- [RMI TCP Connection(43)-127.0.0.1] o.s.a.r.l.SimpleMessageListenerContainer : Waiting for workers to finish.
2019-05-20 15:07:19.817  INFO 28931 --- [RMI TCP Connection(43)-127.0.0.1] o.s.a.r.l.SimpleMessageListenerContainer : Successfully waited for workers to finish.
2019-05-20 15:07:19.820  INFO 28931 --- [RMI TCP Connection(43)-127.0.0.1] o.s.a.r.l.SimpleMessageListenerContainer : Shutdown ignored - container is not active already
2019-05-20 15:07:19.820  INFO 28931 --- [RMI TCP Connection(43)-127.0.0.1] o.s.s.concurrent.ThreadPoolTaskExecutor  : Shutting down ExecutorService 'applicationTaskExecutor'
2019-05-20 15:07:19.850  INFO 28931 --- [RMI TCP Connection(43)-127.0.0.1] j.LocalContainerEntityManagerFactoryBean : Closing JPA EntityManagerFactory for persistence unit 'default'
2019-05-20 15:07:19.885  INFO 28931 --- [RMI TCP Connection(43)-127.0.0.1] com.zaxxer.hikari.HikariDataSource       : HikariPool-1 - Shutdown initiated...
2019-05-20 15:07:19.917  INFO 28931 --- [RMI TCP Connection(43)-127.0.0.1] com.zaxxer.hikari.HikariDataSource       : HikariPool-1 - Shutdown completed.
2019-05-20 15:07:49.928  INFO 32344 --- [main] c.b.fundoo.FundooBackendApplication      : Starting FundooBackendApplication on admin1-desktop with PID 32344 (/home/admin1/Desktop/Tasif/STSWorkspace/BridgeLabz/FundooBackend/target/classes started by admin1 in /home/admin1/Desktop/Tasif/STSWorkspace/BridgeLabz/FundooBackend)
2019-05-20 15:07:49.939  INFO 32344 --- [main] c.b.fundoo.FundooBackendApplication      : No active profile set, falling back to default profiles: default
2019-05-20 15:07:53.350  INFO 32344 --- [main] .s.d.r.c.RepositoryConfigurationDelegate : Bootstrapping Spring Data repositories in DEFAULT mode.
2019-05-20 15:07:53.458  INFO 32344 --- [main] .s.d.r.c.RepositoryConfigurationDelegate : Finished Spring Data repository scanning in 86ms. Found 3 repository interfaces.
2019-05-20 15:07:53.825  INFO 32344 --- [main] trationDelegate$BeanPostProcessorChecker : Bean 'org.springframework.amqp.rabbit.annotation.RabbitBootstrapConfiguration' of type [org.springframework.amqp.rabbit.annotation.RabbitBootstrapConfiguration$$EnhancerBySpringCGLIB$$40d057c2] is not eligible for getting processed by all BeanPostProcessors (for example: not eligible for auto-proxying)
2019-05-20 15:07:53.897  INFO 32344 --- [main] trationDelegate$BeanPostProcessorChecker : Bean 'org.springframework.transaction.annotation.ProxyTransactionManagementConfiguration' of type [org.springframework.transaction.annotation.ProxyTransactionManagementConfiguration$$EnhancerBySpringCGLIB$$7a649994] is not eligible for getting processed by all BeanPostProcessors (for example: not eligible for auto-proxying)
2019-05-20 15:07:54.617  INFO 32344 --- [main] o.s.b.w.embedded.tomcat.TomcatWebServer  : Tomcat initialized with port(s): 8080 (http)
2019-05-20 15:07:54.659  INFO 32344 --- [main] o.apache.catalina.core.StandardService   : Starting service [Tomcat]
2019-05-20 15:07:54.660  INFO 32344 --- [main] org.apache.catalina.core.StandardEngine  : Starting Servlet engine: [Apache Tomcat/9.0.16]
2019-05-20 15:07:54.682  INFO 32344 --- [main] o.a.catalina.core.AprLifecycleListener   : The APR based Apache Tomcat Native library which allows optimal performance in production environments was not found on the java.library.path: [/usr/java/packages/lib:/usr/lib/x86_64-linux-gnu/jni:/lib/x86_64-linux-gnu:/usr/lib/x86_64-linux-gnu:/usr/lib/jni:/lib:/usr/lib]
2019-05-20 15:07:54.925  INFO 32344 --- [main] o.a.c.c.C.[Tomcat].[localhost].[/]       : Initializing Spring embedded WebApplicationContext
2019-05-20 15:07:54.926  INFO 32344 --- [main] o.s.web.context.ContextLoader            : Root WebApplicationContext: initialization completed in 4877 ms
2019-05-20 15:07:55.266  INFO 32344 --- [main] com.zaxxer.hikari.HikariDataSource       : HikariPool-1 - Starting...
2019-05-20 15:07:55.504  INFO 32344 --- [main] com.zaxxer.hikari.HikariDataSource       : HikariPool-1 - Start completed.
2019-05-20 15:07:55.621  INFO 32344 --- [main] o.hibernate.jpa.internal.util.LogHelper  : HHH000204: Processing PersistenceUnitInfo [
	name: default
	...]
2019-05-20 15:07:55.908  INFO 32344 --- [main] org.hibernate.Version                    : HHH000412: Hibernate Core {5.3.7.Final}
2019-05-20 15:07:55.921  INFO 32344 --- [main] org.hibernate.cfg.Environment            : HHH000206: hibernate.properties not found
2019-05-20 15:07:56.575  INFO 32344 --- [main] o.hibernate.annotations.common.Version   : HCANN000001: Hibernate Commons Annotations {5.0.4.Final}
2019-05-20 15:07:56.859  INFO 32344 --- [main] org.hibernate.dialect.Dialect            : HHH000400: Using dialect: org.hibernate.dialect.MySQL5Dialect
2019-05-20 15:08:00.635  INFO 32344 --- [main] j.LocalContainerEntityManagerFactoryBean : Initialized JPA EntityManagerFactory for persistence unit 'default'
2019-05-20 15:08:01.545  WARN 32344 --- [main] aWebConfiguration$JpaWebMvcConfiguration : spring.jpa.open-in-view is enabled by default. Therefore, database queries may be performed during view rendering. Explicitly configure spring.jpa.open-in-view to disable this warning
2019-05-20 15:08:01.660  INFO 32344 --- [main] pertySourcedRequestMappingHandlerMapping : Mapped URL path [/v2/api-docs] onto method [public org.springframework.http.ResponseEntity<springfox.documentation.spring.web.json.Json> springfox.documentation.swagger2.web.Swagger2Controller.getDocumentation(java.lang.String,javax.servlet.http.HttpServletRequest)]
2019-05-20 15:08:01.790  INFO 32344 --- [main] o.s.s.concurrent.ThreadPoolTaskExecutor  : Initializing ExecutorService 'applicationTaskExecutor'
2019-05-20 15:08:02.084  INFO 32344 --- [main] d.s.w.p.DocumentationPluginsBootstrapper : Context refreshed
2019-05-20 15:08:02.123  INFO 32344 --- [main] d.s.w.p.DocumentationPluginsBootstrapper : Found 1 custom documentation plugin(s)
2019-05-20 15:08:02.144  INFO 32344 --- [main] s.d.s.w.s.ApiListingReferenceScanner     : Scanning for api listing references
2019-05-20 15:08:02.340  INFO 32344 --- [main] o.s.a.r.c.CachingConnectionFactory       : Attempting to connect to: [localhost:5672]
2019-05-20 15:08:02.635  INFO 32344 --- [main] o.s.a.r.c.CachingConnectionFactory       : Created new connection: rabbitConnectionFactory#4fe3f9ef:0/SimpleConnection@4f4b7a2e [delegate=amqp://guest@127.0.0.1:5672/, localPort= 35276]
2019-05-20 15:08:02.785  INFO 32344 --- [main] o.s.b.w.embedded.tomcat.TomcatWebServer  : Tomcat started on port(s): 8080 (http) with context path ''
2019-05-20 15:08:02.805  INFO 32344 --- [main] c.b.fundoo.FundooBackendApplication      : Started FundooBackendApplication in 14.234 seconds (JVM running for 17.826)
2019-05-20 15:08:12.771  INFO 32344 --- [http-nio-8080-exec-1] o.a.c.c.C.[Tomcat].[localhost].[/]       : Initializing Spring DispatcherServlet 'dispatcherServlet'
2019-05-20 15:08:12.773  INFO 32344 --- [http-nio-8080-exec-1] o.s.web.servlet.DispatcherServlet        : Initializing Servlet 'dispatcherServlet'
2019-05-20 15:08:12.785  INFO 32344 --- [http-nio-8080-exec-1] o.s.web.servlet.DispatcherServlet        : Completed initialization in 12 ms
2019-05-20 15:08:13.730  INFO 32344 --- [http-nio-8080-exec-2] o.h.h.i.QueryTranslatorFactoryInitiator  : HHH000397: Using ASTQueryTranslatorFactory
2019-05-20 15:49:55.957  INFO 32344 --- [http-nio-8080-exec-4] c.b.f.notes.controller.NotesController   : NotesDto [title=Fundoo Notes fg, description=tgruiugyrtfg
ujghyrfghet
sdffgftf
gyfgyfur, color=null]
2019-05-20 15:51:55.955  INFO 32344 --- [http-nio-8080-exec-5] c.b.f.notes.controller.NotesController   : NotesDto [title=Fundoo Notes fg, description=tgruiugyrtfg
ujghyrfghet
sdffgftf
gyfgyfur, color=null]
2019-05-20 17:18:37.954  INFO 32344 --- [RMI TCP Connection(133)-127.0.0.1] inMXBeanRegistrar$SpringApplicationAdmin : Application shutdown requested.
2019-05-20 17:18:38.042  INFO 32344 --- [RMI TCP Connection(133)-127.0.0.1] o.s.a.r.l.SimpleMessageListenerContainer : Waiting for workers to finish.
2019-05-20 17:18:38.069  INFO 32344 --- [RMI TCP Connection(133)-127.0.0.1] o.s.a.r.l.SimpleMessageListenerContainer : Successfully waited for workers to finish.
2019-05-20 17:18:38.072  INFO 32344 --- [RMI TCP Connection(133)-127.0.0.1] o.s.a.r.l.SimpleMessageListenerContainer : Shutdown ignored - container is not active already
2019-05-20 17:18:38.072  INFO 32344 --- [RMI TCP Connection(133)-127.0.0.1] o.s.s.concurrent.ThreadPoolTaskExecutor  : Shutting down ExecutorService 'applicationTaskExecutor'
2019-05-20 17:18:38.077  INFO 32344 --- [RMI TCP Connection(133)-127.0.0.1] j.LocalContainerEntityManagerFactoryBean : Closing JPA EntityManagerFactory for persistence unit 'default'
2019-05-20 17:18:38.124  INFO 32344 --- [RMI TCP Connection(133)-127.0.0.1] com.zaxxer.hikari.HikariDataSource       : HikariPool-1 - Shutdown initiated...
2019-05-20 17:18:38.135  INFO 32344 --- [RMI TCP Connection(133)-127.0.0.1] com.zaxxer.hikari.HikariDataSource       : HikariPool-1 - Shutdown completed.
2019-05-20 17:18:45.801  INFO 12615 --- [main] c.b.fundoo.FundooBackendApplication      : Starting FundooBackendApplication on admin1-desktop with PID 12615 (/home/admin1/Desktop/Tasif/STSWorkspace/BridgeLabz/FundooBackend/target/classes started by admin1 in /home/admin1/Desktop/Tasif/STSWorkspace/BridgeLabz/FundooBackend)
2019-05-20 17:18:45.811  INFO 12615 --- [main] c.b.fundoo.FundooBackendApplication      : No active profile set, falling back to default profiles: default
2019-05-20 17:18:48.999  INFO 12615 --- [main] .s.d.r.c.RepositoryConfigurationDelegate : Bootstrapping Spring Data repositories in DEFAULT mode.
2019-05-20 17:18:49.129  INFO 12615 --- [main] .s.d.r.c.RepositoryConfigurationDelegate : Finished Spring Data repository scanning in 108ms. Found 3 repository interfaces.
2019-05-20 17:18:49.473  INFO 12615 --- [main] trationDelegate$BeanPostProcessorChecker : Bean 'org.springframework.amqp.rabbit.annotation.RabbitBootstrapConfiguration' of type [org.springframework.amqp.rabbit.annotation.RabbitBootstrapConfiguration$$EnhancerBySpringCGLIB$$dddad6d2] is not eligible for getting processed by all BeanPostProcessors (for example: not eligible for auto-proxying)
2019-05-20 17:18:49.534  INFO 12615 --- [main] trationDelegate$BeanPostProcessorChecker : Bean 'org.springframework.transaction.annotation.ProxyTransactionManagementConfiguration' of type [org.springframework.transaction.annotation.ProxyTransactionManagementConfiguration$$EnhancerBySpringCGLIB$$176f18a4] is not eligible for getting processed by all BeanPostProcessors (for example: not eligible for auto-proxying)
2019-05-20 17:18:51.069  INFO 12615 --- [main] o.s.b.w.embedded.tomcat.TomcatWebServer  : Tomcat initialized with port(s): 8080 (http)
2019-05-20 17:18:51.109  INFO 12615 --- [main] o.apache.catalina.core.StandardService   : Starting service [Tomcat]
2019-05-20 17:18:51.110  INFO 12615 --- [main] org.apache.catalina.core.StandardEngine  : Starting Servlet engine: [Apache Tomcat/9.0.16]
2019-05-20 17:18:51.137  INFO 12615 --- [main] o.a.catalina.core.AprLifecycleListener   : The APR based Apache Tomcat Native library which allows optimal performance in production environments was not found on the java.library.path: [/usr/java/packages/lib:/usr/lib/x86_64-linux-gnu/jni:/lib/x86_64-linux-gnu:/usr/lib/x86_64-linux-gnu:/usr/lib/jni:/lib:/usr/lib]
2019-05-20 17:18:51.353  INFO 12615 --- [main] o.a.c.c.C.[Tomcat].[localhost].[/]       : Initializing Spring embedded WebApplicationContext
2019-05-20 17:18:51.353  INFO 12615 --- [main] o.s.web.context.ContextLoader            : Root WebApplicationContext: initialization completed in 5179 ms
2019-05-20 17:18:51.676  INFO 12615 --- [main] com.zaxxer.hikari.HikariDataSource       : HikariPool-1 - Starting...
2019-05-20 17:18:51.912  INFO 12615 --- [main] com.zaxxer.hikari.HikariDataSource       : HikariPool-1 - Start completed.
2019-05-20 17:18:52.067  INFO 12615 --- [main] o.hibernate.jpa.internal.util.LogHelper  : HHH000204: Processing PersistenceUnitInfo [
	name: default
	...]
2019-05-20 17:18:52.548  INFO 12615 --- [main] org.hibernate.Version                    : HHH000412: Hibernate Core {5.3.7.Final}
2019-05-20 17:18:52.555  INFO 12615 --- [main] org.hibernate.cfg.Environment            : HHH000206: hibernate.properties not found
2019-05-20 17:18:53.455  INFO 12615 --- [main] o.hibernate.annotations.common.Version   : HCANN000001: Hibernate Commons Annotations {5.0.4.Final}
2019-05-20 17:18:53.982  INFO 12615 --- [main] org.hibernate.dialect.Dialect            : HHH000400: Using dialect: org.hibernate.dialect.MySQL5Dialect
2019-05-20 17:18:55.952  INFO 12615 --- [main] j.LocalContainerEntityManagerFactoryBean : Initialized JPA EntityManagerFactory for persistence unit 'default'
2019-05-20 17:18:56.868  WARN 12615 --- [main] aWebConfiguration$JpaWebMvcConfiguration : spring.jpa.open-in-view is enabled by default. Therefore, database queries may be performed during view rendering. Explicitly configure spring.jpa.open-in-view to disable this warning
2019-05-20 17:18:56.987  INFO 12615 --- [main] pertySourcedRequestMappingHandlerMapping : Mapped URL path [/v2/api-docs] onto method [public org.springframework.http.ResponseEntity<springfox.documentation.spring.web.json.Json> springfox.documentation.swagger2.web.Swagger2Controller.getDocumentation(java.lang.String,javax.servlet.http.HttpServletRequest)]
2019-05-20 17:18:57.180  INFO 12615 --- [main] o.s.s.concurrent.ThreadPoolTaskExecutor  : Initializing ExecutorService 'applicationTaskExecutor'
2019-05-20 17:18:57.481  INFO 12615 --- [main] d.s.w.p.DocumentationPluginsBootstrapper : Context refreshed
2019-05-20 17:18:57.527  INFO 12615 --- [main] d.s.w.p.DocumentationPluginsBootstrapper : Found 1 custom documentation plugin(s)
2019-05-20 17:18:57.550  INFO 12615 --- [main] s.d.s.w.s.ApiListingReferenceScanner     : Scanning for api listing references
2019-05-20 17:18:57.739  INFO 12615 --- [main] o.s.a.r.c.CachingConnectionFactory       : Attempting to connect to: [localhost:5672]
2019-05-20 17:18:58.054  INFO 12615 --- [main] o.s.a.r.c.CachingConnectionFactory       : Created new connection: rabbitConnectionFactory#73905dff:0/SimpleConnection@38eafdab [delegate=amqp://guest@127.0.0.1:5672/, localPort= 45440]
2019-05-20 17:18:58.149  INFO 12615 --- [main] o.s.b.w.embedded.tomcat.TomcatWebServer  : Tomcat started on port(s): 8080 (http) with context path ''
2019-05-20 17:18:58.159  INFO 12615 --- [main] c.b.fundoo.FundooBackendApplication      : Started FundooBackendApplication in 13.419 seconds (JVM running for 17.217)
2019-05-20 17:21:02.276  INFO 12615 --- [RMI TCP Connection(5)-127.0.0.1] inMXBeanRegistrar$SpringApplicationAdmin : Application shutdown requested.
2019-05-20 17:21:02.281  INFO 12615 --- [RMI TCP Connection(5)-127.0.0.1] o.s.a.r.l.SimpleMessageListenerContainer : Waiting for workers to finish.
2019-05-20 17:21:03.129  INFO 12615 --- [RMI TCP Connection(5)-127.0.0.1] o.s.a.r.l.SimpleMessageListenerContainer : Successfully waited for workers to finish.
2019-05-20 17:21:03.134  INFO 12615 --- [RMI TCP Connection(5)-127.0.0.1] o.s.a.r.l.SimpleMessageListenerContainer : Shutdown ignored - container is not active already
2019-05-20 17:21:03.134  INFO 12615 --- [RMI TCP Connection(5)-127.0.0.1] o.s.s.concurrent.ThreadPoolTaskExecutor  : Shutting down ExecutorService 'applicationTaskExecutor'
2019-05-20 17:21:03.140  INFO 12615 --- [RMI TCP Connection(5)-127.0.0.1] j.LocalContainerEntityManagerFactoryBean : Closing JPA EntityManagerFactory for persistence unit 'default'
2019-05-20 17:21:03.142  INFO 12615 --- [RMI TCP Connection(5)-127.0.0.1] com.zaxxer.hikari.HikariDataSource       : HikariPool-1 - Shutdown initiated...
2019-05-20 17:21:03.147  INFO 12615 --- [RMI TCP Connection(5)-127.0.0.1] com.zaxxer.hikari.HikariDataSource       : HikariPool-1 - Shutdown completed.
2019-05-20 17:21:04.505  INFO 12843 --- [main] c.b.fundoo.FundooBackendApplication      : Starting FundooBackendApplication on admin1-desktop with PID 12843 (/home/admin1/Desktop/Tasif/STSWorkspace/BridgeLabz/FundooBackend/target/classes started by admin1 in /home/admin1/Desktop/Tasif/STSWorkspace/BridgeLabz/FundooBackend)
2019-05-20 17:21:04.507  INFO 12843 --- [main] c.b.fundoo.FundooBackendApplication      : No active profile set, falling back to default profiles: default
2019-05-20 17:21:05.148  INFO 12843 --- [main] .s.d.r.c.RepositoryConfigurationDelegate : Bootstrapping Spring Data repositories in DEFAULT mode.
2019-05-20 17:21:05.199  INFO 12843 --- [main] .s.d.r.c.RepositoryConfigurationDelegate : Finished Spring Data repository scanning in 46ms. Found 3 repository interfaces.
2019-05-20 17:21:05.390  INFO 12843 --- [main] trationDelegate$BeanPostProcessorChecker : Bean 'org.springframework.amqp.rabbit.annotation.RabbitBootstrapConfiguration' of type [org.springframework.amqp.rabbit.annotation.RabbitBootstrapConfiguration$$EnhancerBySpringCGLIB$$3fc3f787] is not eligible for getting processed by all BeanPostProcessors (for example: not eligible for auto-proxying)
2019-05-20 17:21:05.440  INFO 12843 --- [main] trationDelegate$BeanPostProcessorChecker : Bean 'org.springframework.transaction.annotation.ProxyTransactionManagementConfiguration' of type [org.springframework.transaction.annotation.ProxyTransactionManagementConfiguration$$EnhancerBySpringCGLIB$$79583959] is not eligible for getting processed by all BeanPostProcessors (for example: not eligible for auto-proxying)
2019-05-20 17:21:05.659  INFO 12843 --- [main] o.s.b.w.embedded.tomcat.TomcatWebServer  : Tomcat initialized with port(s): 8080 (http)
2019-05-20 17:21:05.676  INFO 12843 --- [main] o.apache.catalina.core.StandardService   : Starting service [Tomcat]
2019-05-20 17:21:05.677  INFO 12843 --- [main] org.apache.catalina.core.StandardEngine  : Starting Servlet engine: [Apache Tomcat/9.0.16]
2019-05-20 17:21:05.682  INFO 12843 --- [main] o.a.catalina.core.AprLifecycleListener   : The APR based Apache Tomcat Native library which allows optimal performance in production environments was not found on the java.library.path: [/usr/java/packages/lib:/usr/lib/x86_64-linux-gnu/jni:/lib/x86_64-linux-gnu:/usr/lib/x86_64-linux-gnu:/usr/lib/jni:/lib:/usr/lib]
2019-05-20 17:21:05.762  INFO 12843 --- [main] o.a.c.c.C.[Tomcat].[localhost].[/]       : Initializing Spring embedded WebApplicationContext
2019-05-20 17:21:05.762  INFO 12843 --- [main] o.s.web.context.ContextLoader            : Root WebApplicationContext: initialization completed in 1233 ms
2019-05-20 17:21:05.879  INFO 12843 --- [main] com.zaxxer.hikari.HikariDataSource       : HikariPool-1 - Starting...
2019-05-20 17:21:05.968  INFO 12843 --- [main] com.zaxxer.hikari.HikariDataSource       : HikariPool-1 - Start completed.
2019-05-20 17:21:05.998  INFO 12843 --- [main] o.hibernate.jpa.internal.util.LogHelper  : HHH000204: Processing PersistenceUnitInfo [
	name: default
	...]
2019-05-20 17:21:06.029  INFO 12843 --- [main] org.hibernate.Version                    : HHH000412: Hibernate Core {5.3.7.Final}
2019-05-20 17:21:06.031  INFO 12843 --- [main] org.hibernate.cfg.Environment            : HHH000206: hibernate.properties not found
2019-05-20 17:21:06.123  INFO 12843 --- [main] o.hibernate.annotations.common.Version   : HCANN000001: Hibernate Commons Annotations {5.0.4.Final}
2019-05-20 17:21:06.195  INFO 12843 --- [main] org.hibernate.dialect.Dialect            : HHH000400: Using dialect: org.hibernate.dialect.MySQL5Dialect
2019-05-20 17:21:07.173  INFO 12843 --- [main] j.LocalContainerEntityManagerFactoryBean : Initialized JPA EntityManagerFactory for persistence unit 'default'
2019-05-20 17:21:07.695  WARN 12843 --- [main] aWebConfiguration$JpaWebMvcConfiguration : spring.jpa.open-in-view is enabled by default. Therefore, database queries may be performed during view rendering. Explicitly configure spring.jpa.open-in-view to disable this warning
2019-05-20 17:21:07.800  INFO 12843 --- [main] pertySourcedRequestMappingHandlerMapping : Mapped URL path [/v2/api-docs] onto method [public org.springframework.http.ResponseEntity<springfox.documentation.spring.web.json.Json> springfox.documentation.swagger2.web.Swagger2Controller.getDocumentation(java.lang.String,javax.servlet.http.HttpServletRequest)]
2019-05-20 17:21:07.915  INFO 12843 --- [main] o.s.s.concurrent.ThreadPoolTaskExecutor  : Initializing ExecutorService 'applicationTaskExecutor'
2019-05-20 17:21:08.130  INFO 12843 --- [main] d.s.w.p.DocumentationPluginsBootstrapper : Context refreshed
2019-05-20 17:21:08.142  INFO 12843 --- [main] d.s.w.p.DocumentationPluginsBootstrapper : Found 1 custom documentation plugin(s)
2019-05-20 17:21:08.166  INFO 12843 --- [main] s.d.s.w.s.ApiListingReferenceScanner     : Scanning for api listing references
2019-05-20 17:21:08.319  INFO 12843 --- [main] o.s.a.r.c.CachingConnectionFactory       : Attempting to connect to: [localhost:5672]
2019-05-20 17:21:08.335  INFO 12843 --- [main] o.s.a.r.c.CachingConnectionFactory       : Created new connection: rabbitConnectionFactory#3fc051ce:0/SimpleConnection@54c697c [delegate=amqp://guest@127.0.0.1:5672/, localPort= 46528]
2019-05-20 17:21:08.441  INFO 12843 --- [main] o.s.b.w.embedded.tomcat.TomcatWebServer  : Tomcat started on port(s): 8080 (http) with context path ''
2019-05-20 17:21:08.444  INFO 12843 --- [main] c.b.fundoo.FundooBackendApplication      : Started FundooBackendApplication in 4.114 seconds (JVM running for 4.459)
2019-05-20 17:21:14.371  INFO 12843 --- [http-nio-8080-exec-2] o.a.c.c.C.[Tomcat].[localhost].[/]       : Initializing Spring DispatcherServlet 'dispatcherServlet'
2019-05-20 17:21:14.372  INFO 12843 --- [http-nio-8080-exec-2] o.s.web.servlet.DispatcherServlet        : Initializing Servlet 'dispatcherServlet'
2019-05-20 17:21:14.385  INFO 12843 --- [http-nio-8080-exec-2] o.s.web.servlet.DispatcherServlet        : Completed initialization in 13 ms
2019-05-20 17:21:18.058  INFO 12843 --- [http-nio-8080-exec-4] o.h.h.i.QueryTranslatorFactoryInitiator  : HHH000397: Using ASTQueryTranslatorFactory
2019-05-20 17:50:10.647  INFO 12843 --- [http-nio-8080-exec-1] c.b.f.user.controller.UserController     : LoginDTO data LoginDto [email=tasifmohammed096@gmail.com, password=tasifmd]
2019-05-20 17:50:10.649  INFO 12843 --- [http-nio-8080-exec-1] c.b.f.u.s.UserServicesImplementation     : User Password : $2a$10$/kyV.ceLPsgX2C8KNWpEVOLVu6.G0QIKYTy3oWBIskSA.1JVNYHa2
2019-05-20 18:00:53.854  INFO 12843 --- [http-nio-8080-exec-7] c.b.f.notes.controller.NotesController   : NotesDto [title=yudtyjmtuj, description=ghftgyhr6, color=null]
2019-05-20 18:00:53.855  INFO 12843 --- [http-nio-8080-exec-7] c.b.f.notes.service.NotesServiceImpl     : NotesDto [title=yudtyjmtuj, description=ghftgyhr6, color=null]
2019-05-20 18:02:48.893  INFO 12843 --- [http-nio-8080-exec-4] c.b.f.user.controller.UserController     : LoginDTO data LoginDto [email=tasifmd96@gmail.com, password=tasifmd]
2019-05-20 18:02:48.894  INFO 12843 --- [http-nio-8080-exec-4] c.b.f.u.s.UserServicesImplementation     : User Password : $2a$10$h.5K.xM0.bQZ9oYH/dQQeuBYrIWmEjAxCQ7R5mPl4nPW8gUhYCoa6
2019-05-20 18:04:35.286  INFO 12843 --- [http-nio-8080-exec-9] c.b.f.user.controller.UserController     : LoginDTO data LoginDto [email=tasifmohammed096@gmail.com, password=tasifmd]
2019-05-20 18:04:35.287  INFO 12843 --- [http-nio-8080-exec-9] c.b.f.u.s.UserServicesImplementation     : User Password : $2a$10$/kyV.ceLPsgX2C8KNWpEVOLVu6.G0QIKYTy3oWBIskSA.1JVNYHa2
2019-05-20 18:30:34.418  INFO 12843 --- [http-nio-8080-exec-3] c.b.f.user.controller.UserController     : LoginDTO data LoginDto [email=tasifmd96@gmail.com, password=tasifmd]
2019-05-20 18:30:34.429  INFO 12843 --- [http-nio-8080-exec-3] c.b.f.u.s.UserServicesImplementation     : User Password : $2a$10$h.5K.xM0.bQZ9oYH/dQQeuBYrIWmEjAxCQ7R5mPl4nPW8gUhYCoa6
