2019-05-28 09:49:29.332  INFO 3597 --- [main] c.b.fundoo.FundooBackendApplication      : Starting FundooBackendApplication on admin1-desktop with PID 3597 (/home/admin1/Desktop/Tasif/STSWorkspace/BridgeLabz/FundooBackend/target/classes started by admin1 in /home/admin1/Desktop/Tasif/STSWorkspace/BridgeLabz/FundooBackend)
2019-05-28 09:49:29.344  INFO 3597 --- [main] c.b.fundoo.FundooBackendApplication      : No active profile set, falling back to default profiles: default
2019-05-28 09:49:31.974  INFO 3597 --- [main] .s.d.r.c.RepositoryConfigurationDelegate : Bootstrapping Spring Data repositories in DEFAULT mode.
2019-05-28 09:49:32.100  INFO 3597 --- [main] .s.d.r.c.RepositoryConfigurationDelegate : Finished Spring Data repository scanning in 108ms. Found 3 repository interfaces.
2019-05-28 09:49:32.496  INFO 3597 --- [main] trationDelegate$BeanPostProcessorChecker : Bean 'org.springframework.amqp.rabbit.annotation.RabbitBootstrapConfiguration' of type [org.springframework.amqp.rabbit.annotation.RabbitBootstrapConfiguration$$EnhancerBySpringCGLIB$$bb0b6e28] is not eligible for getting processed by all BeanPostProcessors (for example: not eligible for auto-proxying)
2019-05-28 09:49:32.568  INFO 3597 --- [main] trationDelegate$BeanPostProcessorChecker : Bean 'org.springframework.transaction.annotation.ProxyTransactionManagementConfiguration' of type [org.springframework.transaction.annotation.ProxyTransactionManagementConfiguration$$EnhancerBySpringCGLIB$$f49faffa] is not eligible for getting processed by all BeanPostProcessors (for example: not eligible for auto-proxying)
2019-05-28 09:49:33.155  INFO 3597 --- [main] o.s.b.w.embedded.tomcat.TomcatWebServer  : Tomcat initialized with port(s): 8080 (http)
2019-05-28 09:49:33.184  INFO 3597 --- [main] o.apache.catalina.core.StandardService   : Starting service [Tomcat]
2019-05-28 09:49:33.184  INFO 3597 --- [main] org.apache.catalina.core.StandardEngine  : Starting Servlet engine: [Apache Tomcat/9.0.16]
2019-05-28 09:49:33.201  INFO 3597 --- [main] o.a.catalina.core.AprLifecycleListener   : The APR based Apache Tomcat Native library which allows optimal performance in production environments was not found on the java.library.path: [/usr/java/packages/lib:/usr/lib/x86_64-linux-gnu/jni:/lib/x86_64-linux-gnu:/usr/lib/x86_64-linux-gnu:/usr/lib/jni:/lib:/usr/lib]
2019-05-28 09:49:33.328  INFO 3597 --- [main] o.a.c.c.C.[Tomcat].[localhost].[/]       : Initializing Spring embedded WebApplicationContext
2019-05-28 09:49:33.328  INFO 3597 --- [main] o.s.web.context.ContextLoader            : Root WebApplicationContext: initialization completed in 3940 ms
2019-05-28 09:49:33.631  INFO 3597 --- [main] com.zaxxer.hikari.HikariDataSource       : HikariPool-1 - Starting...
2019-05-28 09:49:33.854  INFO 3597 --- [main] com.zaxxer.hikari.HikariDataSource       : HikariPool-1 - Start completed.
2019-05-28 09:49:33.985  INFO 3597 --- [main] o.hibernate.jpa.internal.util.LogHelper  : HHH000204: Processing PersistenceUnitInfo [
	name: default
	...]
2019-05-28 09:49:34.197  INFO 3597 --- [main] org.hibernate.Version                    : HHH000412: Hibernate Core {5.3.7.Final}
2019-05-28 09:49:34.199  INFO 3597 --- [main] org.hibernate.cfg.Environment            : HHH000206: hibernate.properties not found
2019-05-28 09:49:34.554  INFO 3597 --- [main] o.hibernate.annotations.common.Version   : HCANN000001: Hibernate Commons Annotations {5.0.4.Final}
2019-05-28 09:49:34.736  INFO 3597 --- [main] org.hibernate.dialect.Dialect            : HHH000400: Using dialect: org.hibernate.dialect.MySQL5Dialect
2019-05-28 09:49:36.501  INFO 3597 --- [main] j.LocalContainerEntityManagerFactoryBean : Initialized JPA EntityManagerFactory for persistence unit 'default'
2019-05-28 09:49:37.804  WARN 3597 --- [main] aWebConfiguration$JpaWebMvcConfiguration : spring.jpa.open-in-view is enabled by default. Therefore, database queries may be performed during view rendering. Explicitly configure spring.jpa.open-in-view to disable this warning
2019-05-28 09:49:37.922  INFO 3597 --- [main] pertySourcedRequestMappingHandlerMapping : Mapped URL path [/v2/api-docs] onto method [public org.springframework.http.ResponseEntity<springfox.documentation.spring.web.json.Json> springfox.documentation.swagger2.web.Swagger2Controller.getDocumentation(java.lang.String,javax.servlet.http.HttpServletRequest)]
2019-05-28 09:49:38.000  INFO 3597 --- [main] o.s.s.concurrent.ThreadPoolTaskExecutor  : Initializing ExecutorService 'applicationTaskExecutor'
2019-05-28 09:49:38.287  INFO 3597 --- [main] d.s.w.p.DocumentationPluginsBootstrapper : Context refreshed
2019-05-28 09:49:38.333  INFO 3597 --- [main] d.s.w.p.DocumentationPluginsBootstrapper : Found 1 custom documentation plugin(s)
2019-05-28 09:49:38.365  INFO 3597 --- [main] s.d.s.w.s.ApiListingReferenceScanner     : Scanning for api listing references
2019-05-28 09:49:38.583  INFO 3597 --- [main] o.s.a.r.c.CachingConnectionFactory       : Attempting to connect to: [localhost:5672]
2019-05-28 09:49:38.622  INFO 3597 --- [main] o.s.a.r.c.CachingConnectionFactory       : Created new connection: rabbitConnectionFactory#21539796:0/SimpleConnection@6f7e5e11 [delegate=amqp://guest@127.0.0.1:5672/, localPort= 47682]
2019-05-28 09:49:38.694  INFO 3597 --- [main] o.s.b.w.embedded.tomcat.TomcatWebServer  : Tomcat started on port(s): 8080 (http) with context path ''
2019-05-28 09:49:38.697  INFO 3597 --- [main] c.b.fundoo.FundooBackendApplication      : Started FundooBackendApplication in 10.035 seconds (JVM running for 10.963)
2019-05-28 09:53:48.494  INFO 3597 --- [http-nio-8080-exec-3] o.a.c.c.C.[Tomcat].[localhost].[/]       : Initializing Spring DispatcherServlet 'dispatcherServlet'
2019-05-28 09:53:48.511  INFO 3597 --- [http-nio-8080-exec-3] o.s.web.servlet.DispatcherServlet        : Initializing Servlet 'dispatcherServlet'
2019-05-28 09:53:48.552  INFO 3597 --- [http-nio-8080-exec-3] o.s.web.servlet.DispatcherServlet        : Completed initialization in 41 ms
2019-05-28 09:53:49.434  INFO 3597 --- [http-nio-8080-exec-7] o.h.h.i.QueryTranslatorFactoryInitiator  : HHH000397: Using ASTQueryTranslatorFactory
2019-05-28 12:30:38.346  INFO 3597 --- [http-nio-8080-exec-10] c.b.f.notes.controller.NotesController   : NotesDto [title=India, description=Mumbai, color=null]
2019-05-28 12:30:59.135  INFO 3597 --- [http-nio-8080-exec-5] c.b.f.notes.controller.NotesController   : NotesDto [title=rtretreye, description=fgrgetgerdghry, color=null]
2019-05-28 14:49:29.460  INFO 6209 --- [main] c.b.fundoo.FundooBackendApplication      : Starting FundooBackendApplication on admin1-desktop with PID 6209 (/home/admin1/Desktop/Tasif/STSWorkspace/BridgeLabz/FundooBackend/target/classes started by admin1 in /home/admin1/Desktop/Tasif/STSWorkspace/BridgeLabz/FundooBackend)
2019-05-28 14:49:29.479  INFO 6209 --- [main] c.b.fundoo.FundooBackendApplication      : No active profile set, falling back to default profiles: default
2019-05-28 14:49:31.539  INFO 6209 --- [main] .s.d.r.c.RepositoryConfigurationDelegate : Bootstrapping Spring Data repositories in DEFAULT mode.
2019-05-28 14:49:31.637  INFO 6209 --- [main] .s.d.r.c.RepositoryConfigurationDelegate : Finished Spring Data repository scanning in 75ms. Found 3 repository interfaces.
2019-05-28 14:49:31.994  INFO 6209 --- [main] trationDelegate$BeanPostProcessorChecker : Bean 'org.springframework.amqp.rabbit.annotation.RabbitBootstrapConfiguration' of type [org.springframework.amqp.rabbit.annotation.RabbitBootstrapConfiguration$$EnhancerBySpringCGLIB$$5304fc89] is not eligible for getting processed by all BeanPostProcessors (for example: not eligible for auto-proxying)
2019-05-28 14:49:32.096  INFO 6209 --- [main] trationDelegate$BeanPostProcessorChecker : Bean 'org.springframework.transaction.annotation.ProxyTransactionManagementConfiguration' of type [org.springframework.transaction.annotation.ProxyTransactionManagementConfiguration$$EnhancerBySpringCGLIB$$8c993e5b] is not eligible for getting processed by all BeanPostProcessors (for example: not eligible for auto-proxying)
2019-05-28 14:49:32.583  INFO 6209 --- [main] o.s.b.w.embedded.tomcat.TomcatWebServer  : Tomcat initialized with port(s): 8080 (http)
2019-05-28 14:49:32.616  INFO 6209 --- [main] o.apache.catalina.core.StandardService   : Starting service [Tomcat]
2019-05-28 14:49:32.616  INFO 6209 --- [main] org.apache.catalina.core.StandardEngine  : Starting Servlet engine: [Apache Tomcat/9.0.16]
2019-05-28 14:49:32.639  INFO 6209 --- [main] o.a.catalina.core.AprLifecycleListener   : The APR based Apache Tomcat Native library which allows optimal performance in production environments was not found on the java.library.path: [/usr/java/packages/lib:/usr/lib/x86_64-linux-gnu/jni:/lib/x86_64-linux-gnu:/usr/lib/x86_64-linux-gnu:/usr/lib/jni:/lib:/usr/lib]
2019-05-28 14:49:32.732  INFO 6209 --- [main] o.a.c.c.C.[Tomcat].[localhost].[/]       : Initializing Spring embedded WebApplicationContext
2019-05-28 14:49:32.732  INFO 6209 --- [main] o.s.web.context.ContextLoader            : Root WebApplicationContext: initialization completed in 3224 ms
2019-05-28 14:49:33.017  INFO 6209 --- [main] com.zaxxer.hikari.HikariDataSource       : HikariPool-1 - Starting...
2019-05-28 14:49:33.247  INFO 6209 --- [main] com.zaxxer.hikari.HikariDataSource       : HikariPool-1 - Start completed.
2019-05-28 14:49:33.382  INFO 6209 --- [main] o.hibernate.jpa.internal.util.LogHelper  : HHH000204: Processing PersistenceUnitInfo [
	name: default
	...]
2019-05-28 14:49:33.563  INFO 6209 --- [main] org.hibernate.Version                    : HHH000412: Hibernate Core {5.3.7.Final}
2019-05-28 14:49:33.570  INFO 6209 --- [main] org.hibernate.cfg.Environment            : HHH000206: hibernate.properties not found
2019-05-28 14:49:33.910  INFO 6209 --- [main] o.hibernate.annotations.common.Version   : HCANN000001: Hibernate Commons Annotations {5.0.4.Final}
2019-05-28 14:49:34.112  INFO 6209 --- [main] org.hibernate.dialect.Dialect            : HHH000400: Using dialect: org.hibernate.dialect.MySQL5Dialect
2019-05-28 14:49:35.786  INFO 6209 --- [main] j.LocalContainerEntityManagerFactoryBean : Initialized JPA EntityManagerFactory for persistence unit 'default'
2019-05-28 14:49:36.958  WARN 6209 --- [main] aWebConfiguration$JpaWebMvcConfiguration : spring.jpa.open-in-view is enabled by default. Therefore, database queries may be performed during view rendering. Explicitly configure spring.jpa.open-in-view to disable this warning
2019-05-28 14:49:37.074  INFO 6209 --- [main] pertySourcedRequestMappingHandlerMapping : Mapped URL path [/v2/api-docs] onto method [public org.springframework.http.ResponseEntity<springfox.documentation.spring.web.json.Json> springfox.documentation.swagger2.web.Swagger2Controller.getDocumentation(java.lang.String,javax.servlet.http.HttpServletRequest)]
2019-05-28 14:49:37.146  INFO 6209 --- [main] o.s.s.concurrent.ThreadPoolTaskExecutor  : Initializing ExecutorService 'applicationTaskExecutor'
2019-05-28 14:49:37.459  INFO 6209 --- [main] d.s.w.p.DocumentationPluginsBootstrapper : Context refreshed
2019-05-28 14:49:37.506  INFO 6209 --- [main] d.s.w.p.DocumentationPluginsBootstrapper : Found 1 custom documentation plugin(s)
2019-05-28 14:49:37.539  INFO 6209 --- [main] s.d.s.w.s.ApiListingReferenceScanner     : Scanning for api listing references
2019-05-28 14:49:37.732  INFO 6209 --- [main] o.s.a.r.c.CachingConnectionFactory       : Attempting to connect to: [localhost:5672]
2019-05-28 14:49:37.775  INFO 6209 --- [main] o.s.a.r.c.CachingConnectionFactory       : Created new connection: rabbitConnectionFactory#dc3eda6:0/SimpleConnection@77a6aa9f [delegate=amqp://guest@127.0.0.1:5672/, localPort= 34700]
2019-05-28 14:49:37.842  INFO 6209 --- [main] o.s.b.w.embedded.tomcat.TomcatWebServer  : Tomcat started on port(s): 8080 (http) with context path ''
2019-05-28 14:49:37.844  INFO 6209 --- [main] c.b.fundoo.FundooBackendApplication      : Started FundooBackendApplication in 9.093 seconds (JVM running for 9.962)
2019-05-28 14:50:38.568  INFO 6209 --- [http-nio-8080-exec-2] o.a.c.c.C.[Tomcat].[localhost].[/]       : Initializing Spring DispatcherServlet 'dispatcherServlet'
2019-05-28 14:50:38.569  INFO 6209 --- [http-nio-8080-exec-2] o.s.web.servlet.DispatcherServlet        : Initializing Servlet 'dispatcherServlet'
2019-05-28 14:50:38.575  INFO 6209 --- [http-nio-8080-exec-2] o.s.web.servlet.DispatcherServlet        : Completed initialization in 6 ms
2019-05-28 14:50:38.952  INFO 6209 --- [http-nio-8080-exec-2] o.h.h.i.QueryTranslatorFactoryInitiator  : HHH000397: Using ASTQueryTranslatorFactory
2019-05-28 16:21:57.970  INFO 6209 --- [RMI TCP Connection(95)-127.0.0.1] inMXBeanRegistrar$SpringApplicationAdmin : Application shutdown requested.
2019-05-28 16:21:58.065  INFO 6209 --- [RMI TCP Connection(95)-127.0.0.1] o.s.a.r.l.SimpleMessageListenerContainer : Waiting for workers to finish.
2019-05-28 16:21:58.777  INFO 6209 --- [RMI TCP Connection(95)-127.0.0.1] o.s.a.r.l.SimpleMessageListenerContainer : Successfully waited for workers to finish.
2019-05-28 16:21:58.780  INFO 6209 --- [RMI TCP Connection(95)-127.0.0.1] o.s.a.r.l.SimpleMessageListenerContainer : Waiting for workers to finish.
2019-05-28 16:21:59.763  INFO 6209 --- [RMI TCP Connection(95)-127.0.0.1] o.s.a.r.l.SimpleMessageListenerContainer : Successfully waited for workers to finish.
2019-05-28 16:21:59.767  INFO 6209 --- [RMI TCP Connection(95)-127.0.0.1] o.s.a.r.l.SimpleMessageListenerContainer : Shutdown ignored - container is not active already
2019-05-28 16:21:59.767  INFO 6209 --- [RMI TCP Connection(95)-127.0.0.1] o.s.a.r.l.SimpleMessageListenerContainer : Shutdown ignored - container is not active already
2019-05-28 16:21:59.767  INFO 6209 --- [RMI TCP Connection(95)-127.0.0.1] o.s.s.concurrent.ThreadPoolTaskExecutor  : Shutting down ExecutorService 'applicationTaskExecutor'
2019-05-28 16:21:59.777  INFO 6209 --- [RMI TCP Connection(95)-127.0.0.1] j.LocalContainerEntityManagerFactoryBean : Closing JPA EntityManagerFactory for persistence unit 'default'
2019-05-28 16:21:59.797  INFO 6209 --- [RMI TCP Connection(95)-127.0.0.1] com.zaxxer.hikari.HikariDataSource       : HikariPool-1 - Shutdown initiated...
2019-05-28 16:21:59.831  INFO 6209 --- [RMI TCP Connection(95)-127.0.0.1] com.zaxxer.hikari.HikariDataSource       : HikariPool-1 - Shutdown completed.
2019-05-28 16:22:04.828  INFO 12320 --- [main] c.b.fundoo.FundooBackendApplication      : Starting FundooBackendApplication on admin1-desktop with PID 12320 (/home/admin1/Desktop/Tasif/STSWorkspace/BridgeLabz/FundooBackend/target/classes started by admin1 in /home/admin1/Desktop/Tasif/STSWorkspace/BridgeLabz/FundooBackend)
2019-05-28 16:22:04.830  INFO 12320 --- [main] c.b.fundoo.FundooBackendApplication      : No active profile set, falling back to default profiles: default
2019-05-28 16:22:07.749  INFO 12320 --- [main] .s.d.r.c.RepositoryConfigurationDelegate : Bootstrapping Spring Data repositories in DEFAULT mode.
2019-05-28 16:22:07.852  INFO 12320 --- [main] .s.d.r.c.RepositoryConfigurationDelegate : Finished Spring Data repository scanning in 79ms. Found 3 repository interfaces.
2019-05-28 16:22:08.238  INFO 12320 --- [main] trationDelegate$BeanPostProcessorChecker : Bean 'org.springframework.amqp.rabbit.annotation.RabbitBootstrapConfiguration' of type [org.springframework.amqp.rabbit.annotation.RabbitBootstrapConfiguration$$EnhancerBySpringCGLIB$$f37e1189] is not eligible for getting processed by all BeanPostProcessors (for example: not eligible for auto-proxying)
2019-05-28 16:22:08.300  INFO 12320 --- [main] trationDelegate$BeanPostProcessorChecker : Bean 'org.springframework.transaction.annotation.ProxyTransactionManagementConfiguration' of type [org.springframework.transaction.annotation.ProxyTransactionManagementConfiguration$$EnhancerBySpringCGLIB$$2d12535b] is not eligible for getting processed by all BeanPostProcessors (for example: not eligible for auto-proxying)
2019-05-28 16:22:08.866  INFO 12320 --- [main] o.s.b.w.embedded.tomcat.TomcatWebServer  : Tomcat initialized with port(s): 8080 (http)
2019-05-28 16:22:08.919  INFO 12320 --- [main] o.apache.catalina.core.StandardService   : Starting service [Tomcat]
2019-05-28 16:22:08.919  INFO 12320 --- [main] org.apache.catalina.core.StandardEngine  : Starting Servlet engine: [Apache Tomcat/9.0.16]
2019-05-28 16:22:08.942  INFO 12320 --- [main] o.a.catalina.core.AprLifecycleListener   : The APR based Apache Tomcat Native library which allows optimal performance in production environments was not found on the java.library.path: [/usr/java/packages/lib:/usr/lib/x86_64-linux-gnu/jni:/lib/x86_64-linux-gnu:/usr/lib/x86_64-linux-gnu:/usr/lib/jni:/lib:/usr/lib]
2019-05-28 16:22:09.111  INFO 12320 --- [main] o.a.c.c.C.[Tomcat].[localhost].[/]       : Initializing Spring embedded WebApplicationContext
2019-05-28 16:22:09.111  INFO 12320 --- [main] o.s.web.context.ContextLoader            : Root WebApplicationContext: initialization completed in 4195 ms
2019-05-28 16:22:09.453  INFO 12320 --- [main] com.zaxxer.hikari.HikariDataSource       : HikariPool-1 - Starting...
2019-05-28 16:22:09.650  INFO 12320 --- [main] com.zaxxer.hikari.HikariDataSource       : HikariPool-1 - Start completed.
2019-05-28 16:22:09.767  INFO 12320 --- [main] o.hibernate.jpa.internal.util.LogHelper  : HHH000204: Processing PersistenceUnitInfo [
	name: default
	...]
2019-05-28 16:22:10.019  INFO 12320 --- [main] org.hibernate.Version                    : HHH000412: Hibernate Core {5.3.7.Final}
2019-05-28 16:22:10.027  INFO 12320 --- [main] org.hibernate.cfg.Environment            : HHH000206: hibernate.properties not found
2019-05-28 16:22:10.480  INFO 12320 --- [main] o.hibernate.annotations.common.Version   : HCANN000001: Hibernate Commons Annotations {5.0.4.Final}
2019-05-28 16:22:10.783  INFO 12320 --- [main] org.hibernate.dialect.Dialect            : HHH000400: Using dialect: org.hibernate.dialect.MySQL5Dialect
2019-05-28 16:22:12.472  INFO 12320 --- [main] j.LocalContainerEntityManagerFactoryBean : Initialized JPA EntityManagerFactory for persistence unit 'default'
2019-05-28 16:22:14.117  WARN 12320 --- [main] aWebConfiguration$JpaWebMvcConfiguration : spring.jpa.open-in-view is enabled by default. Therefore, database queries may be performed during view rendering. Explicitly configure spring.jpa.open-in-view to disable this warning
2019-05-28 16:22:14.225  INFO 12320 --- [main] pertySourcedRequestMappingHandlerMapping : Mapped URL path [/v2/api-docs] onto method [public org.springframework.http.ResponseEntity<springfox.documentation.spring.web.json.Json> springfox.documentation.swagger2.web.Swagger2Controller.getDocumentation(java.lang.String,javax.servlet.http.HttpServletRequest)]
2019-05-28 16:22:14.307  INFO 12320 --- [main] o.s.s.concurrent.ThreadPoolTaskExecutor  : Initializing ExecutorService 'applicationTaskExecutor'
2019-05-28 16:22:14.622  INFO 12320 --- [main] d.s.w.p.DocumentationPluginsBootstrapper : Context refreshed
2019-05-28 16:22:14.664  INFO 12320 --- [main] d.s.w.p.DocumentationPluginsBootstrapper : Found 1 custom documentation plugin(s)
2019-05-28 16:22:14.697  INFO 12320 --- [main] s.d.s.w.s.ApiListingReferenceScanner     : Scanning for api listing references
2019-05-28 16:22:14.885  INFO 12320 --- [main] o.s.a.r.c.CachingConnectionFactory       : Attempting to connect to: [localhost:5672]
2019-05-28 16:22:14.986  INFO 12320 --- [main] o.s.a.r.c.CachingConnectionFactory       : Created new connection: rabbitConnectionFactory#17635531:0/SimpleConnection@6bbff652 [delegate=amqp://guest@127.0.0.1:5672/, localPort= 60850]
2019-05-28 16:22:15.055  INFO 12320 --- [main] o.s.b.w.embedded.tomcat.TomcatWebServer  : Tomcat started on port(s): 8080 (http) with context path ''
2019-05-28 16:22:15.061  INFO 12320 --- [main] c.b.fundoo.FundooBackendApplication      : Started FundooBackendApplication in 11.055 seconds (JVM running for 13.536)
2019-05-28 16:24:59.936  INFO 12320 --- [RMI TCP Connection(5)-127.0.0.1] inMXBeanRegistrar$SpringApplicationAdmin : Application shutdown requested.
2019-05-28 16:25:00.034  INFO 12320 --- [RMI TCP Connection(5)-127.0.0.1] o.s.a.r.l.SimpleMessageListenerContainer : Waiting for workers to finish.
2019-05-28 16:25:00.057  INFO 12320 --- [RMI TCP Connection(5)-127.0.0.1] o.s.a.r.l.SimpleMessageListenerContainer : Successfully waited for workers to finish.
2019-05-28 16:25:00.061  INFO 12320 --- [RMI TCP Connection(5)-127.0.0.1] o.s.a.r.l.SimpleMessageListenerContainer : Waiting for workers to finish.
2019-05-28 16:25:01.045  INFO 12320 --- [RMI TCP Connection(5)-127.0.0.1] o.s.a.r.l.SimpleMessageListenerContainer : Successfully waited for workers to finish.
2019-05-28 16:25:01.050  INFO 12320 --- [RMI TCP Connection(5)-127.0.0.1] o.s.a.r.l.SimpleMessageListenerContainer : Shutdown ignored - container is not active already
2019-05-28 16:25:01.050  INFO 12320 --- [RMI TCP Connection(5)-127.0.0.1] o.s.a.r.l.SimpleMessageListenerContainer : Shutdown ignored - container is not active already
2019-05-28 16:25:01.050  INFO 12320 --- [RMI TCP Connection(5)-127.0.0.1] o.s.s.concurrent.ThreadPoolTaskExecutor  : Shutting down ExecutorService 'applicationTaskExecutor'
2019-05-28 16:25:01.058  INFO 12320 --- [RMI TCP Connection(5)-127.0.0.1] j.LocalContainerEntityManagerFactoryBean : Closing JPA EntityManagerFactory for persistence unit 'default'
2019-05-28 16:25:01.094  INFO 12320 --- [RMI TCP Connection(5)-127.0.0.1] com.zaxxer.hikari.HikariDataSource       : HikariPool-1 - Shutdown initiated...
2019-05-28 16:25:01.285  INFO 12320 --- [RMI TCP Connection(5)-127.0.0.1] com.zaxxer.hikari.HikariDataSource       : HikariPool-1 - Shutdown completed.
2019-05-28 16:26:36.595  INFO 13190 --- [main] c.b.fundoo.FundooBackendApplication      : Starting FundooBackendApplication on admin1-desktop with PID 13190 (/home/admin1/Desktop/Tasif/STSWorkspace/BridgeLabz/FundooBackend/target/classes started by admin1 in /home/admin1/Desktop/Tasif/STSWorkspace/BridgeLabz/FundooBackend)
2019-05-28 16:26:36.604  INFO 13190 --- [main] c.b.fundoo.FundooBackendApplication      : No active profile set, falling back to default profiles: default
2019-05-28 16:26:39.128  INFO 13190 --- [main] .s.d.r.c.RepositoryConfigurationDelegate : Bootstrapping Spring Data repositories in DEFAULT mode.
2019-05-28 16:26:39.240  INFO 13190 --- [main] .s.d.r.c.RepositoryConfigurationDelegate : Finished Spring Data repository scanning in 91ms. Found 3 repository interfaces.
2019-05-28 16:26:39.755  INFO 13190 --- [main] trationDelegate$BeanPostProcessorChecker : Bean 'org.springframework.amqp.rabbit.annotation.RabbitBootstrapConfiguration' of type [org.springframework.amqp.rabbit.annotation.RabbitBootstrapConfiguration$$EnhancerBySpringCGLIB$$5543f7f8] is not eligible for getting processed by all BeanPostProcessors (for example: not eligible for auto-proxying)
2019-05-28 16:26:39.806  INFO 13190 --- [main] trationDelegate$BeanPostProcessorChecker : Bean 'org.springframework.transaction.annotation.ProxyTransactionManagementConfiguration' of type [org.springframework.transaction.annotation.ProxyTransactionManagementConfiguration$$EnhancerBySpringCGLIB$$8ed839ca] is not eligible for getting processed by all BeanPostProcessors (for example: not eligible for auto-proxying)
2019-05-28 16:26:40.577  INFO 13190 --- [main] o.s.b.w.embedded.tomcat.TomcatWebServer  : Tomcat initialized with port(s): 8080 (http)
2019-05-28 16:26:40.619  INFO 13190 --- [main] o.apache.catalina.core.StandardService   : Starting service [Tomcat]
2019-05-28 16:26:40.620  INFO 13190 --- [main] org.apache.catalina.core.StandardEngine  : Starting Servlet engine: [Apache Tomcat/9.0.16]
2019-05-28 16:26:40.657  INFO 13190 --- [main] o.a.catalina.core.AprLifecycleListener   : The APR based Apache Tomcat Native library which allows optimal performance in production environments was not found on the java.library.path: [/usr/java/packages/lib:/usr/lib/x86_64-linux-gnu/jni:/lib/x86_64-linux-gnu:/usr/lib/x86_64-linux-gnu:/usr/lib/jni:/lib:/usr/lib]
2019-05-28 16:26:40.903  INFO 13190 --- [main] o.a.c.c.C.[Tomcat].[localhost].[/]       : Initializing Spring embedded WebApplicationContext
2019-05-28 16:26:40.903  INFO 13190 --- [main] o.s.web.context.ContextLoader            : Root WebApplicationContext: initialization completed in 4147 ms
2019-05-28 16:26:41.602  INFO 13190 --- [main] com.zaxxer.hikari.HikariDataSource       : HikariPool-1 - Starting...
2019-05-28 16:26:42.200  INFO 13190 --- [main] com.zaxxer.hikari.HikariDataSource       : HikariPool-1 - Start completed.
2019-05-28 16:26:42.343  INFO 13190 --- [main] o.hibernate.jpa.internal.util.LogHelper  : HHH000204: Processing PersistenceUnitInfo [
	name: default
	...]
2019-05-28 16:26:42.565  INFO 13190 --- [main] org.hibernate.Version                    : HHH000412: Hibernate Core {5.3.7.Final}
2019-05-28 16:26:42.572  INFO 13190 --- [main] org.hibernate.cfg.Environment            : HHH000206: hibernate.properties not found
2019-05-28 16:26:42.932  INFO 13190 --- [main] o.hibernate.annotations.common.Version   : HCANN000001: Hibernate Commons Annotations {5.0.4.Final}
2019-05-28 16:26:43.155  INFO 13190 --- [main] org.hibernate.dialect.Dialect            : HHH000400: Using dialect: org.hibernate.dialect.MySQL5Dialect
2019-05-28 16:26:45.186  INFO 13190 --- [main] j.LocalContainerEntityManagerFactoryBean : Initialized JPA EntityManagerFactory for persistence unit 'default'
2019-05-28 16:26:47.882  WARN 13190 --- [main] aWebConfiguration$JpaWebMvcConfiguration : spring.jpa.open-in-view is enabled by default. Therefore, database queries may be performed during view rendering. Explicitly configure spring.jpa.open-in-view to disable this warning
2019-05-28 16:26:48.022  INFO 13190 --- [main] pertySourcedRequestMappingHandlerMapping : Mapped URL path [/v2/api-docs] onto method [public org.springframework.http.ResponseEntity<springfox.documentation.spring.web.json.Json> springfox.documentation.swagger2.web.Swagger2Controller.getDocumentation(java.lang.String,javax.servlet.http.HttpServletRequest)]
2019-05-28 16:26:48.114  INFO 13190 --- [main] o.s.s.concurrent.ThreadPoolTaskExecutor  : Initializing ExecutorService 'applicationTaskExecutor'
2019-05-28 16:26:48.456  INFO 13190 --- [main] d.s.w.p.DocumentationPluginsBootstrapper : Context refreshed
2019-05-28 16:26:48.501  INFO 13190 --- [main] d.s.w.p.DocumentationPluginsBootstrapper : Found 1 custom documentation plugin(s)
2019-05-28 16:26:48.552  INFO 13190 --- [main] s.d.s.w.s.ApiListingReferenceScanner     : Scanning for api listing references
2019-05-28 16:26:48.772  INFO 13190 --- [main] o.s.a.r.c.CachingConnectionFactory       : Attempting to connect to: [localhost:5672]
2019-05-28 16:26:48.906  INFO 13190 --- [main] o.s.a.r.c.CachingConnectionFactory       : Created new connection: rabbitConnectionFactory#22fe90df:0/SimpleConnection@14f08a97 [delegate=amqp://guest@127.0.0.1:5672/, localPort= 34898]
2019-05-28 16:26:48.991  INFO 13190 --- [main] o.s.b.w.embedded.tomcat.TomcatWebServer  : Tomcat started on port(s): 8080 (http) with context path ''
2019-05-28 16:26:49.010  INFO 13190 --- [main] c.b.fundoo.FundooBackendApplication      : Started FundooBackendApplication in 13.777 seconds (JVM running for 14.705)
2019-05-28 16:44:57.441  INFO 13190 --- [http-nio-8080-exec-1] o.a.c.c.C.[Tomcat].[localhost].[/]       : Initializing Spring DispatcherServlet 'dispatcherServlet'
2019-05-28 16:44:57.442  INFO 13190 --- [http-nio-8080-exec-1] o.s.web.servlet.DispatcherServlet        : Initializing Servlet 'dispatcherServlet'
2019-05-28 16:44:57.448  INFO 13190 --- [http-nio-8080-exec-1] o.s.web.servlet.DispatcherServlet        : Completed initialization in 6 ms
2019-05-28 16:45:00.363  INFO 13190 --- [http-nio-8080-exec-9] o.h.h.i.QueryTranslatorFactoryInitiator  : HHH000397: Using ASTQueryTranslatorFactory
